mode: atomic
github.com/DrmagicE/gmqtt/pkg/pidfile/pidfile.go:20.51,21.55 1 2
github.com/DrmagicE/gmqtt/pkg/pidfile/pidfile.go:29.2,29.12 1 1
github.com/DrmagicE/gmqtt/pkg/pidfile/pidfile.go:21.55,23.54 2 1
github.com/DrmagicE/gmqtt/pkg/pidfile/pidfile.go:23.54,24.26 1 1
github.com/DrmagicE/gmqtt/pkg/pidfile/pidfile.go:24.26,26.5 1 1
github.com/DrmagicE/gmqtt/pkg/pidfile/pidfile.go:33.41,34.56 1 2
github.com/DrmagicE/gmqtt/pkg/pidfile/pidfile.go:38.2,38.75 1 1
github.com/DrmagicE/gmqtt/pkg/pidfile/pidfile.go:41.2,41.93 1 1
github.com/DrmagicE/gmqtt/pkg/pidfile/pidfile.go:45.2,45.34 1 1
github.com/DrmagicE/gmqtt/pkg/pidfile/pidfile.go:34.56,36.3 1 1
github.com/DrmagicE/gmqtt/pkg/pidfile/pidfile.go:38.75,40.3 1 0
github.com/DrmagicE/gmqtt/pkg/pidfile/pidfile.go:41.93,43.3 1 0
github.com/DrmagicE/gmqtt/pkg/pidfile/pidfile.go:49.36,51.2 1 2
github.com/DrmagicE/gmqtt/pkg/pidfile/pidfile_darwin.go:9.34,14.2 2 1
github.com/DrmagicE/gmqtt/retained/trie/retain_trie.go:25.32,27.2 1 12
github.com/DrmagicE/gmqtt/retained/trie/retain_trie.go:30.27,34.2 1 12
github.com/DrmagicE/gmqtt/retained/trie/retain_trie.go:37.43,42.2 1 26
github.com/DrmagicE/gmqtt/retained/trie/retain_trie.go:46.55,49.32 3 8
github.com/DrmagicE/gmqtt/retained/trie/retain_trie.go:56.2,56.22 1 6
github.com/DrmagicE/gmqtt/retained/trie/retain_trie.go:59.2,59.12 1 2
github.com/DrmagicE/gmqtt/retained/trie/retain_trie.go:49.32,50.38 1 20
github.com/DrmagicE/gmqtt/retained/trie/retain_trie.go:50.38,52.4 1 18
github.com/DrmagicE/gmqtt/retained/trie/retain_trie.go:52.9,54.4 1 2
github.com/DrmagicE/gmqtt/retained/trie/retain_trie.go:56.22,58.3 1 4
github.com/DrmagicE/gmqtt/retained/trie/retain_trie.go:63.76,65.23 2 9
github.com/DrmagicE/gmqtt/retained/trie/retain_trie.go:66.11,67.22 1 2
github.com/DrmagicE/gmqtt/retained/trie/retain_trie.go:72.11,74.32 1 1
github.com/DrmagicE/gmqtt/retained/trie/retain_trie.go:85.10,86.47 1 6
github.com/DrmagicE/gmqtt/retained/trie/retain_trie.go:67.22,69.4 1 1
github.com/DrmagicE/gmqtt/retained/trie/retain_trie.go:69.9,71.4 1 1
github.com/DrmagicE/gmqtt/retained/trie/retain_trie.go:74.32,75.15 1 2
github.com/DrmagicE/gmqtt/retained/trie/retain_trie.go:75.15,76.21 1 2
github.com/DrmagicE/gmqtt/retained/trie/retain_trie.go:76.21,78.6 1 2
github.com/DrmagicE/gmqtt/retained/trie/retain_trie.go:79.10,81.5 1 0
github.com/DrmagicE/gmqtt/retained/trie/retain_trie.go:86.47,87.15 1 6
github.com/DrmagicE/gmqtt/retained/trie/retain_trie.go:87.15,88.21 1 1
github.com/DrmagicE/gmqtt/retained/trie/retain_trie.go:88.21,90.6 1 1
github.com/DrmagicE/gmqtt/retained/trie/retain_trie.go:91.10,93.5 1 5
github.com/DrmagicE/gmqtt/retained/trie/retain_trie.go:98.77,101.58 3 4
github.com/DrmagicE/gmqtt/retained/trie/retain_trie.go:105.2,105.11 1 4
github.com/DrmagicE/gmqtt/retained/trie/retain_trie.go:101.58,104.3 2 13
github.com/DrmagicE/gmqtt/retained/trie/retain_trie.go:108.43,110.2 1 30
github.com/DrmagicE/gmqtt/retained/trie/retain_trie.go:113.76,116.32 3 17
github.com/DrmagicE/gmqtt/retained/trie/retain_trie.go:122.2,123.29 2 17
github.com/DrmagicE/gmqtt/retained/trie/retain_trie.go:116.32,117.39 1 50
github.com/DrmagicE/gmqtt/retained/trie/retain_trie.go:120.3,120.29 1 50
github.com/DrmagicE/gmqtt/retained/trie/retain_trie.go:117.39,119.4 1 26
github.com/DrmagicE/gmqtt/retained/trie/retain_trie.go:126.46,130.32 4 1
github.com/DrmagicE/gmqtt/retained/trie/retain_trie.go:137.2,138.30 2 1
github.com/DrmagicE/gmqtt/retained/trie/retain_trie.go:130.32,131.38 1 3
github.com/DrmagicE/gmqtt/retained/trie/retain_trie.go:131.38,133.4 1 3
github.com/DrmagicE/gmqtt/retained/trie/retain_trie.go:133.9,135.4 1 0
github.com/DrmagicE/gmqtt/retained/trie/retain_trie.go:138.30,140.3 1 0
github.com/DrmagicE/gmqtt/retained/trie/retain_trie.go:143.66,144.14 1 21
github.com/DrmagicE/gmqtt/retained/trie/retain_trie.go:147.2,147.18 1 21
github.com/DrmagicE/gmqtt/retained/trie/retain_trie.go:152.2,152.31 1 21
github.com/DrmagicE/gmqtt/retained/trie/retain_trie.go:155.2,155.14 1 21
github.com/DrmagicE/gmqtt/retained/trie/retain_trie.go:144.14,146.3 1 0
github.com/DrmagicE/gmqtt/retained/trie/retain_trie.go:147.18,148.17 1 15
github.com/DrmagicE/gmqtt/retained/trie/retain_trie.go:148.17,150.4 1 0
github.com/DrmagicE/gmqtt/retained/trie/retain_trie.go:152.31,154.3 1 18
github.com/DrmagicE/gmqtt/retained/trie/trie_db.go:17.49,20.38 3 1
github.com/DrmagicE/gmqtt/retained/trie/trie_db.go:23.2,23.35 1 0
github.com/DrmagicE/gmqtt/retained/trie/trie_db.go:20.38,22.3 1 1
github.com/DrmagicE/gmqtt/retained/trie/trie_db.go:26.55,27.30 1 30
github.com/DrmagicE/gmqtt/retained/trie/trie_db.go:30.2,30.19 1 30
github.com/DrmagicE/gmqtt/retained/trie/trie_db.go:27.30,29.3 1 0
github.com/DrmagicE/gmqtt/retained/trie/trie_db.go:35.70,39.17 4 8
github.com/DrmagicE/gmqtt/retained/trie/trie_db.go:42.2,42.12 1 4
github.com/DrmagicE/gmqtt/retained/trie/trie_db.go:39.17,41.3 1 4
github.com/DrmagicE/gmqtt/retained/trie/trie_db.go:46.29,51.2 4 1
github.com/DrmagicE/gmqtt/retained/trie/trie_db.go:54.55,58.2 3 17
github.com/DrmagicE/gmqtt/retained/trie/trie_db.go:61.43,65.2 3 1
github.com/DrmagicE/gmqtt/retained/trie/trie_db.go:68.74,72.2 3 4
github.com/DrmagicE/gmqtt/retained/trie/trie_db.go:74.25,79.2 1 5
github.com/DrmagicE/gmqtt/persistence/subscription/mem/topic_trie.go:30.32,32.2 1 18
github.com/DrmagicE/gmqtt/persistence/subscription/mem/topic_trie.go:35.27,41.2 1 87
github.com/DrmagicE/gmqtt/persistence/subscription/mem/topic_trie.go:44.43,48.2 3 69
github.com/DrmagicE/gmqtt/persistence/subscription/mem/topic_trie.go:51.82,54.32 3 30
github.com/DrmagicE/gmqtt/persistence/subscription/mem/topic_trie.go:61.2,61.23 1 30
github.com/DrmagicE/gmqtt/persistence/subscription/mem/topic_trie.go:70.2,71.14 2 30
github.com/DrmagicE/gmqtt/persistence/subscription/mem/topic_trie.go:54.32,55.39 1 90
github.com/DrmagicE/gmqtt/persistence/subscription/mem/topic_trie.go:58.3,58.29 1 90
github.com/DrmagicE/gmqtt/persistence/subscription/mem/topic_trie.go:55.39,57.4 1 69
github.com/DrmagicE/gmqtt/persistence/subscription/mem/topic_trie.go:61.23,62.39 1 0
github.com/DrmagicE/gmqtt/persistence/subscription/mem/topic_trie.go:65.3,65.42 1 0
github.com/DrmagicE/gmqtt/persistence/subscription/mem/topic_trie.go:62.39,64.4 1 0
github.com/DrmagicE/gmqtt/persistence/subscription/mem/topic_trie.go:66.8,69.3 1 30
github.com/DrmagicE/gmqtt/persistence/subscription/mem/topic_trie.go:76.57,79.32 3 7
github.com/DrmagicE/gmqtt/persistence/subscription/mem/topic_trie.go:86.2,86.36 1 6
github.com/DrmagicE/gmqtt/persistence/subscription/mem/topic_trie.go:89.2,89.12 1 0
github.com/DrmagicE/gmqtt/persistence/subscription/mem/topic_trie.go:79.32,80.38 1 21
github.com/DrmagicE/gmqtt/persistence/subscription/mem/topic_trie.go:80.38,82.4 1 20
github.com/DrmagicE/gmqtt/persistence/subscription/mem/topic_trie.go:82.9,84.4 1 1
github.com/DrmagicE/gmqtt/persistence/subscription/mem/topic_trie.go:86.36,88.3 1 6
github.com/DrmagicE/gmqtt/persistence/subscription/mem/topic_trie.go:93.86,97.32 4 3
github.com/DrmagicE/gmqtt/persistence/subscription/mem/topic_trie.go:104.2,104.21 1 2
github.com/DrmagicE/gmqtt/persistence/subscription/mem/topic_trie.go:97.32,98.38 1 7
github.com/DrmagicE/gmqtt/persistence/subscription/mem/topic_trie.go:98.38,100.4 1 6
github.com/DrmagicE/gmqtt/persistence/subscription/mem/topic_trie.go:100.9,102.4 1 1
github.com/DrmagicE/gmqtt/persistence/subscription/mem/topic_trie.go:104.21,105.45 1 0
github.com/DrmagicE/gmqtt/persistence/subscription/mem/topic_trie.go:105.45,107.41 2 0
github.com/DrmagicE/gmqtt/persistence/subscription/mem/topic_trie.go:110.4,110.58 1 0
github.com/DrmagicE/gmqtt/persistence/subscription/mem/topic_trie.go:107.41,109.5 1 0
github.com/DrmagicE/gmqtt/persistence/subscription/mem/topic_trie.go:110.58,112.5 1 0
github.com/DrmagicE/gmqtt/persistence/subscription/mem/topic_trie.go:114.8,116.58 2 2
github.com/DrmagicE/gmqtt/persistence/subscription/mem/topic_trie.go:116.58,118.4 1 1
github.com/DrmagicE/gmqtt/persistence/subscription/mem/topic_trie.go:124.66,125.41 1 17
github.com/DrmagicE/gmqtt/persistence/subscription/mem/topic_trie.go:129.2,129.32 1 17
github.com/DrmagicE/gmqtt/persistence/subscription/mem/topic_trie.go:125.41,127.3 1 14
github.com/DrmagicE/gmqtt/persistence/subscription/mem/topic_trie.go:129.32,130.31 1 0
github.com/DrmagicE/gmqtt/persistence/subscription/mem/topic_trie.go:130.31,132.4 1 0
github.com/DrmagicE/gmqtt/persistence/subscription/mem/topic_trie.go:137.90,139.44 2 54
github.com/DrmagicE/gmqtt/persistence/subscription/mem/topic_trie.go:142.2,142.44 1 54
github.com/DrmagicE/gmqtt/persistence/subscription/mem/topic_trie.go:152.2,152.54 1 54
github.com/DrmagicE/gmqtt/persistence/subscription/mem/topic_trie.go:139.44,141.3 1 3
github.com/DrmagicE/gmqtt/persistence/subscription/mem/topic_trie.go:142.44,143.14 1 15
github.com/DrmagicE/gmqtt/persistence/subscription/mem/topic_trie.go:143.14,145.42 2 4
github.com/DrmagicE/gmqtt/persistence/subscription/mem/topic_trie.go:145.42,147.5 1 1
github.com/DrmagicE/gmqtt/persistence/subscription/mem/topic_trie.go:148.9,150.4 1 11
github.com/DrmagicE/gmqtt/persistence/subscription/mem/topic_trie.go:152.54,153.14 1 32
github.com/DrmagicE/gmqtt/persistence/subscription/mem/topic_trie.go:153.14,155.42 2 8
github.com/DrmagicE/gmqtt/persistence/subscription/mem/topic_trie.go:155.42,157.5 1 1
github.com/DrmagicE/gmqtt/persistence/subscription/mem/topic_trie.go:158.9,160.4 1 24
github.com/DrmagicE/gmqtt/persistence/subscription/mem/topic_trie.go:165.94,170.2 4 19
github.com/DrmagicE/gmqtt/persistence/subscription/mem/topic_trie.go:172.43,174.2 1 0
github.com/DrmagicE/gmqtt/persistence/subscription/mem/topic_trie.go:176.70,177.14 1 11
github.com/DrmagicE/gmqtt/persistence/subscription/mem/topic_trie.go:180.2,180.23 1 11
github.com/DrmagicE/gmqtt/persistence/subscription/mem/topic_trie.go:195.2,195.31 1 11
github.com/DrmagicE/gmqtt/persistence/subscription/mem/topic_trie.go:200.2,200.13 1 11
github.com/DrmagicE/gmqtt/persistence/subscription/mem/topic_trie.go:177.14,179.3 1 0
github.com/DrmagicE/gmqtt/persistence/subscription/mem/topic_trie.go:180.23,181.44 1 3
github.com/DrmagicE/gmqtt/persistence/subscription/mem/topic_trie.go:187.3,187.30 1 3
github.com/DrmagicE/gmqtt/persistence/subscription/mem/topic_trie.go:181.44,182.30 1 3
github.com/DrmagicE/gmqtt/persistence/subscription/mem/topic_trie.go:182.30,184.5 1 0
github.com/DrmagicE/gmqtt/persistence/subscription/mem/topic_trie.go:187.30,188.37 1 0
github.com/DrmagicE/gmqtt/persistence/subscription/mem/topic_trie.go:188.37,189.31 1 0
github.com/DrmagicE/gmqtt/persistence/subscription/mem/topic_trie.go:189.31,191.6 1 0
github.com/DrmagicE/gmqtt/persistence/subscription/mem/topic_trie.go:195.31,196.30 1 10
github.com/DrmagicE/gmqtt/persistence/subscription/mem/topic_trie.go:196.30,198.4 1 0
github.com/DrmagicE/gmqtt/persistence/subscription/mem/trie_db.go:33.50,35.2 1 0
github.com/DrmagicE/gmqtt/persistence/subscription/mem/trie_db.go:37.33,39.2 1 0
github.com/DrmagicE/gmqtt/persistence/subscription/mem/trie_db.go:41.148,43.76 1 0
github.com/DrmagicE/gmqtt/persistence/subscription/mem/trie_db.go:77.2,77.78 1 0
github.com/DrmagicE/gmqtt/persistence/subscription/mem/trie_db.go:100.2,100.28 1 0
github.com/DrmagicE/gmqtt/persistence/subscription/mem/trie_db.go:113.2,113.34 1 0
github.com/DrmagicE/gmqtt/persistence/subscription/mem/trie_db.go:43.76,46.54 3 0
github.com/DrmagicE/gmqtt/persistence/subscription/mem/trie_db.go:53.3,54.18 2 0
github.com/DrmagicE/gmqtt/persistence/subscription/mem/trie_db.go:57.3,57.29 1 0
github.com/DrmagicE/gmqtt/persistence/subscription/mem/trie_db.go:74.3,74.14 1 0
github.com/DrmagicE/gmqtt/persistence/subscription/mem/trie_db.go:46.54,50.4 3 0
github.com/DrmagicE/gmqtt/persistence/subscription/mem/trie_db.go:50.9,52.4 1 0
github.com/DrmagicE/gmqtt/persistence/subscription/mem/trie_db.go:54.18,56.4 1 0
github.com/DrmagicE/gmqtt/persistence/subscription/mem/trie_db.go:57.29,58.45 1 0
github.com/DrmagicE/gmqtt/persistence/subscription/mem/trie_db.go:58.45,59.43 1 0
github.com/DrmagicE/gmqtt/persistence/subscription/mem/trie_db.go:59.43,60.36 1 0
github.com/DrmagicE/gmqtt/persistence/subscription/mem/trie_db.go:60.36,62.7 1 0
github.com/DrmagicE/gmqtt/persistence/subscription/mem/trie_db.go:65.9,66.45 1 0
github.com/DrmagicE/gmqtt/persistence/subscription/mem/trie_db.go:66.45,67.34 1 0
github.com/DrmagicE/gmqtt/persistence/subscription/mem/trie_db.go:67.34,68.28 1 0
github.com/DrmagicE/gmqtt/persistence/subscription/mem/trie_db.go:68.28,70.7 1 0
github.com/DrmagicE/gmqtt/persistence/subscription/mem/trie_db.go:77.78,79.18 2 0
github.com/DrmagicE/gmqtt/persistence/subscription/mem/trie_db.go:82.3,82.29 1 0
github.com/DrmagicE/gmqtt/persistence/subscription/mem/trie_db.go:97.3,97.14 1 0
github.com/DrmagicE/gmqtt/persistence/subscription/mem/trie_db.go:79.18,81.4 1 0
github.com/DrmagicE/gmqtt/persistence/subscription/mem/trie_db.go:82.29,83.45 1 0
github.com/DrmagicE/gmqtt/persistence/subscription/mem/trie_db.go:83.45,84.33 1 0
github.com/DrmagicE/gmqtt/persistence/subscription/mem/trie_db.go:84.33,86.6 1 0
github.com/DrmagicE/gmqtt/persistence/subscription/mem/trie_db.go:88.9,89.37 1 0
github.com/DrmagicE/gmqtt/persistence/subscription/mem/trie_db.go:89.37,90.28 1 0
github.com/DrmagicE/gmqtt/persistence/subscription/mem/trie_db.go:90.28,91.26 1 0
github.com/DrmagicE/gmqtt/persistence/subscription/mem/trie_db.go:91.26,93.7 1 0
github.com/DrmagicE/gmqtt/persistence/subscription/mem/trie_db.go:100.28,101.45 1 0
github.com/DrmagicE/gmqtt/persistence/subscription/mem/trie_db.go:110.3,110.14 1 0
github.com/DrmagicE/gmqtt/persistence/subscription/mem/trie_db.go:101.45,102.31 1 0
github.com/DrmagicE/gmqtt/persistence/subscription/mem/trie_db.go:102.31,103.43 1 0
github.com/DrmagicE/gmqtt/persistence/subscription/mem/trie_db.go:103.43,104.36 1 0
github.com/DrmagicE/gmqtt/persistence/subscription/mem/trie_db.go:104.36,106.7 1 0
github.com/DrmagicE/gmqtt/persistence/subscription/mem/trie_db.go:116.151,118.76 1 0
github.com/DrmagicE/gmqtt/persistence/subscription/mem/trie_db.go:157.2,157.78 1 0
github.com/DrmagicE/gmqtt/persistence/subscription/mem/trie_db.go:180.2,180.28 1 0
github.com/DrmagicE/gmqtt/persistence/subscription/mem/trie_db.go:190.2,190.34 1 0
github.com/DrmagicE/gmqtt/persistence/subscription/mem/trie_db.go:118.76,120.18 2 0
github.com/DrmagicE/gmqtt/persistence/subscription/mem/trie_db.go:123.3,123.29 1 0
github.com/DrmagicE/gmqtt/persistence/subscription/mem/trie_db.go:154.3,154.14 1 0
github.com/DrmagicE/gmqtt/persistence/subscription/mem/trie_db.go:120.18,122.4 1 0
github.com/DrmagicE/gmqtt/persistence/subscription/mem/trie_db.go:123.29,124.53 1 0
github.com/DrmagicE/gmqtt/persistence/subscription/mem/trie_db.go:130.4,130.34 1 0
github.com/DrmagicE/gmqtt/persistence/subscription/mem/trie_db.go:124.53,125.35 1 0
github.com/DrmagicE/gmqtt/persistence/subscription/mem/trie_db.go:125.35,127.6 1 0
github.com/DrmagicE/gmqtt/persistence/subscription/mem/trie_db.go:130.34,131.43 1 0
github.com/DrmagicE/gmqtt/persistence/subscription/mem/trie_db.go:131.43,132.36 1 0
github.com/DrmagicE/gmqtt/persistence/subscription/mem/trie_db.go:132.36,134.7 1 0
github.com/DrmagicE/gmqtt/persistence/subscription/mem/trie_db.go:138.9,140.44 1 0
github.com/DrmagicE/gmqtt/persistence/subscription/mem/trie_db.go:145.4,145.34 1 0
github.com/DrmagicE/gmqtt/persistence/subscription/mem/trie_db.go:140.44,141.27 1 0
github.com/DrmagicE/gmqtt/persistence/subscription/mem/trie_db.go:141.27,143.6 1 0
github.com/DrmagicE/gmqtt/persistence/subscription/mem/trie_db.go:145.34,146.34 1 0
github.com/DrmagicE/gmqtt/persistence/subscription/mem/trie_db.go:146.34,147.28 1 0
github.com/DrmagicE/gmqtt/persistence/subscription/mem/trie_db.go:147.28,149.7 1 0
github.com/DrmagicE/gmqtt/persistence/subscription/mem/trie_db.go:157.78,159.18 2 0
github.com/DrmagicE/gmqtt/persistence/subscription/mem/trie_db.go:162.3,162.29 1 0
github.com/DrmagicE/gmqtt/persistence/subscription/mem/trie_db.go:177.3,177.14 1 0
github.com/DrmagicE/gmqtt/persistence/subscription/mem/trie_db.go:159.18,161.4 1 0
github.com/DrmagicE/gmqtt/persistence/subscription/mem/trie_db.go:162.29,163.45 1 0
github.com/DrmagicE/gmqtt/persistence/subscription/mem/trie_db.go:163.45,164.33 1 0
github.com/DrmagicE/gmqtt/persistence/subscription/mem/trie_db.go:164.33,166.6 1 0
github.com/DrmagicE/gmqtt/persistence/subscription/mem/trie_db.go:168.9,169.37 1 0
github.com/DrmagicE/gmqtt/persistence/subscription/mem/trie_db.go:169.37,170.28 1 0
github.com/DrmagicE/gmqtt/persistence/subscription/mem/trie_db.go:170.28,171.26 1 0
github.com/DrmagicE/gmqtt/persistence/subscription/mem/trie_db.go:171.26,173.7 1 0
github.com/DrmagicE/gmqtt/persistence/subscription/mem/trie_db.go:180.28,181.45 1 0
github.com/DrmagicE/gmqtt/persistence/subscription/mem/trie_db.go:187.3,187.14 1 0
github.com/DrmagicE/gmqtt/persistence/subscription/mem/trie_db.go:181.45,183.34 2 0
github.com/DrmagicE/gmqtt/persistence/subscription/mem/trie_db.go:183.34,185.5 1 0
github.com/DrmagicE/gmqtt/persistence/subscription/mem/trie_db.go:195.99,196.69 1 0
github.com/DrmagicE/gmqtt/persistence/subscription/mem/trie_db.go:201.2,201.75 1 0
github.com/DrmagicE/gmqtt/persistence/subscription/mem/trie_db.go:209.2,209.63 1 0
github.com/DrmagicE/gmqtt/persistence/subscription/mem/trie_db.go:196.69,197.65 1 0
github.com/DrmagicE/gmqtt/persistence/subscription/mem/trie_db.go:197.65,199.4 1 0
github.com/DrmagicE/gmqtt/persistence/subscription/mem/trie_db.go:201.75,203.69 1 0
github.com/DrmagicE/gmqtt/persistence/subscription/mem/trie_db.go:203.69,204.65 1 0
github.com/DrmagicE/gmqtt/persistence/subscription/mem/trie_db.go:204.65,206.5 1 0
github.com/DrmagicE/gmqtt/persistence/subscription/mem/trie_db.go:209.63,210.67 1 0
github.com/DrmagicE/gmqtt/persistence/subscription/mem/trie_db.go:213.3,213.68 1 0
github.com/DrmagicE/gmqtt/persistence/subscription/mem/trie_db.go:210.67,212.4 1 0
github.com/DrmagicE/gmqtt/persistence/subscription/mem/trie_db.go:213.68,215.4 1 0
github.com/DrmagicE/gmqtt/persistence/subscription/mem/trie_db.go:218.93,222.2 3 0
github.com/DrmagicE/gmqtt/persistence/subscription/mem/trie_db.go:225.56,227.2 1 0
github.com/DrmagicE/gmqtt/persistence/subscription/mem/trie_db.go:230.49,234.2 3 0
github.com/DrmagicE/gmqtt/persistence/subscription/mem/trie_db.go:237.85,238.48 1 0
github.com/DrmagicE/gmqtt/persistence/subscription/mem/trie_db.go:238.48,240.3 1 0
github.com/DrmagicE/gmqtt/persistence/subscription/mem/trie_db.go:240.8,242.3 1 0
github.com/DrmagicE/gmqtt/persistence/subscription/mem/trie_db.go:245.79,249.2 3 0
github.com/DrmagicE/gmqtt/persistence/subscription/mem/trie_db.go:252.25,265.2 1 0
github.com/DrmagicE/gmqtt/persistence/subscription/mem/trie_db.go:268.119,272.36 4 0
github.com/DrmagicE/gmqtt/persistence/subscription/mem/trie_db.go:301.2,301.11 1 0
github.com/DrmagicE/gmqtt/persistence/subscription/mem/trie_db.go:272.36,275.26 3 0
github.com/DrmagicE/gmqtt/persistence/subscription/mem/trie_db.go:285.3,285.29 1 0
github.com/DrmagicE/gmqtt/persistence/subscription/mem/trie_db.go:291.3,291.47 1 0
github.com/DrmagicE/gmqtt/persistence/subscription/mem/trie_db.go:299.3,299.36 1 0
github.com/DrmagicE/gmqtt/persistence/subscription/mem/trie_db.go:275.26,278.4 2 0
github.com/DrmagicE/gmqtt/persistence/subscription/mem/trie_db.go:278.9,278.38 1 0
github.com/DrmagicE/gmqtt/persistence/subscription/mem/trie_db.go:278.38,281.4 2 0
github.com/DrmagicE/gmqtt/persistence/subscription/mem/trie_db.go:281.9,284.4 2 0
github.com/DrmagicE/gmqtt/persistence/subscription/mem/trie_db.go:285.29,287.39 2 0
github.com/DrmagicE/gmqtt/persistence/subscription/mem/trie_db.go:287.39,289.5 1 0
github.com/DrmagicE/gmqtt/persistence/subscription/mem/trie_db.go:291.47,296.4 4 0
github.com/DrmagicE/gmqtt/persistence/subscription/mem/trie_db.go:296.9,298.4 1 0
github.com/DrmagicE/gmqtt/persistence/subscription/mem/trie_db.go:305.122,309.2 3 0
github.com/DrmagicE/gmqtt/persistence/subscription/mem/trie_db.go:312.72,315.31 3 0
github.com/DrmagicE/gmqtt/persistence/subscription/mem/trie_db.go:315.31,318.22 3 0
github.com/DrmagicE/gmqtt/persistence/subscription/mem/trie_db.go:328.3,328.35 1 0
github.com/DrmagicE/gmqtt/persistence/subscription/mem/trie_db.go:335.3,335.52 1 0
github.com/DrmagicE/gmqtt/persistence/subscription/mem/trie_db.go:318.22,321.4 2 0
github.com/DrmagicE/gmqtt/persistence/subscription/mem/trie_db.go:321.9,321.34 1 0
github.com/DrmagicE/gmqtt/persistence/subscription/mem/trie_db.go:321.34,324.4 2 0
github.com/DrmagicE/gmqtt/persistence/subscription/mem/trie_db.go:324.9,327.4 2 0
github.com/DrmagicE/gmqtt/persistence/subscription/mem/trie_db.go:328.35,329.43 1 0
github.com/DrmagicE/gmqtt/persistence/subscription/mem/trie_db.go:333.4,333.34 1 0
github.com/DrmagicE/gmqtt/persistence/subscription/mem/trie_db.go:329.43,332.5 2 0
github.com/DrmagicE/gmqtt/persistence/subscription/mem/trie_db.go:340.72,345.2 4 0
github.com/DrmagicE/gmqtt/persistence/subscription/mem/trie_db.go:347.91,349.37 2 0
github.com/DrmagicE/gmqtt/persistence/subscription/mem/trie_db.go:352.2,352.47 1 0
github.com/DrmagicE/gmqtt/persistence/subscription/mem/trie_db.go:359.2,359.25 1 0
github.com/DrmagicE/gmqtt/persistence/subscription/mem/trie_db.go:349.37,351.3 1 0
github.com/DrmagicE/gmqtt/persistence/subscription/mem/trie_db.go:352.47,354.56 2 0
github.com/DrmagicE/gmqtt/persistence/subscription/mem/trie_db.go:354.56,357.4 2 0
github.com/DrmagicE/gmqtt/persistence/subscription/mem/trie_db.go:363.57,367.2 3 0
github.com/DrmagicE/gmqtt/persistence/subscription/mem/trie_db.go:370.57,376.2 4 0
github.com/DrmagicE/gmqtt/persistence/subscription/mem/trie_db.go:379.92,381.30 1 0
github.com/DrmagicE/gmqtt/persistence/subscription/mem/trie_db.go:384.2,384.53 1 0
github.com/DrmagicE/gmqtt/persistence/subscription/mem/trie_db.go:381.30,383.3 1 0
github.com/DrmagicE/gmqtt/persistence/subscription/redis/subscription.go:22.57,32.2 9 2
github.com/DrmagicE/gmqtt/persistence/subscription/redis/subscription.go:34.64,38.16 4 2
github.com/DrmagicE/gmqtt/persistence/subscription/redis/subscription.go:41.2,43.16 3 2
github.com/DrmagicE/gmqtt/persistence/subscription/redis/subscription.go:46.2,48.16 3 2
github.com/DrmagicE/gmqtt/persistence/subscription/redis/subscription.go:51.2,52.16 2 2
github.com/DrmagicE/gmqtt/persistence/subscription/redis/subscription.go:55.2,56.16 2 2
github.com/DrmagicE/gmqtt/persistence/subscription/redis/subscription.go:59.2,60.16 2 2
github.com/DrmagicE/gmqtt/persistence/subscription/redis/subscription.go:63.2,64.16 2 2
github.com/DrmagicE/gmqtt/persistence/subscription/redis/subscription.go:67.2,67.17 1 2
github.com/DrmagicE/gmqtt/persistence/subscription/redis/subscription.go:38.16,40.3 1 0
github.com/DrmagicE/gmqtt/persistence/subscription/redis/subscription.go:43.16,45.3 1 0
github.com/DrmagicE/gmqtt/persistence/subscription/redis/subscription.go:48.16,50.3 1 0
github.com/DrmagicE/gmqtt/persistence/subscription/redis/subscription.go:52.16,54.3 1 0
github.com/DrmagicE/gmqtt/persistence/subscription/redis/subscription.go:56.16,58.3 1 0
github.com/DrmagicE/gmqtt/persistence/subscription/redis/subscription.go:60.16,62.3 1 0
github.com/DrmagicE/gmqtt/persistence/subscription/redis/subscription.go:64.16,66.3 1 0
github.com/DrmagicE/gmqtt/persistence/subscription/redis/subscription.go:70.34,76.2 1 0
github.com/DrmagicE/gmqtt/persistence/subscription/redis/subscription.go:85.46,86.25 1 0
github.com/DrmagicE/gmqtt/persistence/subscription/redis/subscription.go:89.2,93.30 5 0
github.com/DrmagicE/gmqtt/persistence/subscription/redis/subscription.go:106.2,106.12 1 0
github.com/DrmagicE/gmqtt/persistence/subscription/redis/subscription.go:86.25,88.3 1 0
github.com/DrmagicE/gmqtt/persistence/subscription/redis/subscription.go:93.30,95.17 2 0
github.com/DrmagicE/gmqtt/persistence/subscription/redis/subscription.go:98.3,98.38 1 0
github.com/DrmagicE/gmqtt/persistence/subscription/redis/subscription.go:95.17,97.4 1 0
github.com/DrmagicE/gmqtt/persistence/subscription/redis/subscription.go:98.38,100.18 2 0
github.com/DrmagicE/gmqtt/persistence/subscription/redis/subscription.go:103.4,103.67 1 0
github.com/DrmagicE/gmqtt/persistence/subscription/redis/subscription.go:100.18,102.5 1 0
github.com/DrmagicE/gmqtt/persistence/subscription/redis/subscription.go:109.29,112.2 2 0
github.com/DrmagicE/gmqtt/persistence/subscription/redis/subscription.go:114.125,120.34 5 0
github.com/DrmagicE/gmqtt/persistence/subscription/redis/subscription.go:126.2,127.16 2 0
github.com/DrmagicE/gmqtt/persistence/subscription/redis/subscription.go:130.2,131.16 2 0
github.com/DrmagicE/gmqtt/persistence/subscription/redis/subscription.go:120.34,122.17 2 0
github.com/DrmagicE/gmqtt/persistence/subscription/redis/subscription.go:122.17,124.4 1 0
github.com/DrmagicE/gmqtt/persistence/subscription/redis/subscription.go:127.16,129.3 1 0
github.com/DrmagicE/gmqtt/persistence/subscription/redis/subscription.go:134.68,140.16 6 0
github.com/DrmagicE/gmqtt/persistence/subscription/redis/subscription.go:143.2,144.12 2 0
github.com/DrmagicE/gmqtt/persistence/subscription/redis/subscription.go:140.16,142.3 1 0
github.com/DrmagicE/gmqtt/persistence/subscription/redis/subscription.go:147.53,153.16 6 0
github.com/DrmagicE/gmqtt/persistence/subscription/redis/subscription.go:156.2,157.12 2 0
github.com/DrmagicE/gmqtt/persistence/subscription/redis/subscription.go:153.16,155.3 1 0
github.com/DrmagicE/gmqtt/persistence/subscription/redis/subscription.go:160.89,164.2 3 0
github.com/DrmagicE/gmqtt/persistence/subscription/redis/subscription.go:166.45,170.2 3 0
github.com/DrmagicE/gmqtt/persistence/subscription/redis/subscription.go:172.75,176.2 3 0
github.com/DrmagicE/gmqtt/persistence/queue/error.go:20.40,22.2 1 0
github.com/DrmagicE/gmqtt/persistence/queue/queue.go:17.101,18.25 1 0
github.com/DrmagicE/gmqtt/persistence/queue/queue.go:18.25,21.3 2 0
github.com/DrmagicE/gmqtt/persistence/queue/queue.go:77.49,78.27 1 0
github.com/DrmagicE/gmqtt/persistence/queue/queue.go:81.2,81.14 1 0
github.com/DrmagicE/gmqtt/persistence/queue/queue.go:78.27,80.3 1 0
github.com/DrmagicE/gmqtt/persistence/queue/queue_mock.go:25.55,29.2 3 0
github.com/DrmagicE/gmqtt/persistence/queue/queue_mock.go:32.53,34.2 1 0
github.com/DrmagicE/gmqtt/persistence/queue/queue_mock.go:37.35,42.2 4 0
github.com/DrmagicE/gmqtt/persistence/queue/queue_mock.go:45.55,48.2 2 0
github.com/DrmagicE/gmqtt/persistence/queue/queue_mock.go:51.51,56.2 4 0
github.com/DrmagicE/gmqtt/persistence/queue/queue_mock.go:59.70,62.2 2 0
github.com/DrmagicE/gmqtt/persistence/queue/queue_mock.go:65.35,70.2 4 0
github.com/DrmagicE/gmqtt/persistence/queue/queue_mock.go:73.55,76.2 2 0
github.com/DrmagicE/gmqtt/persistence/queue/queue_mock.go:79.43,84.2 4 0
github.com/DrmagicE/gmqtt/persistence/queue/queue_mock.go:87.69,90.2 2 0
github.com/DrmagicE/gmqtt/persistence/queue/queue_mock.go:93.55,99.2 5 0
github.com/DrmagicE/gmqtt/persistence/queue/queue_mock.go:102.73,105.2 2 0
github.com/DrmagicE/gmqtt/persistence/queue/queue_mock.go:108.68,114.2 5 0
github.com/DrmagicE/gmqtt/persistence/queue/queue_mock.go:117.70,120.2 2 0
github.com/DrmagicE/gmqtt/persistence/queue/queue_mock.go:123.65,129.2 5 0
github.com/DrmagicE/gmqtt/persistence/queue/queue_mock.go:132.81,135.2 2 0
github.com/DrmagicE/gmqtt/persistence/queue/queue_mock.go:138.56,143.2 4 0
github.com/DrmagicE/gmqtt/persistence/queue/queue_mock.go:146.71,149.2 2 0
github.com/DrmagicE/gmqtt/persistence/queue/elem.go:23.41,25.2 1 0
github.com/DrmagicE/gmqtt/persistence/queue/elem.go:26.46,28.2 1 0
github.com/DrmagicE/gmqtt/persistence/queue/elem.go:34.40,36.2 1 0
github.com/DrmagicE/gmqtt/persistence/queue/elem.go:37.45,39.2 1 0
github.com/DrmagicE/gmqtt/persistence/queue/elem.go:52.43,54.2 1 1
github.com/DrmagicE/gmqtt/persistence/queue/elem.go:56.55,58.16 2 1
github.com/DrmagicE/gmqtt/persistence/queue/elem.go:61.2,62.12 2 1
github.com/DrmagicE/gmqtt/persistence/queue/elem.go:58.16,60.3 1 0
github.com/DrmagicE/gmqtt/persistence/queue/elem.go:66.42,68.2 1 1
github.com/DrmagicE/gmqtt/persistence/queue/elem.go:70.54,73.2 2 1
github.com/DrmagicE/gmqtt/persistence/queue/elem.go:77.32,82.37 5 2
github.com/DrmagicE/gmqtt/persistence/queue/elem.go:92.2,92.18 1 2
github.com/DrmagicE/gmqtt/persistence/queue/elem.go:83.16,86.14 3 1
github.com/DrmagicE/gmqtt/persistence/queue/elem.go:87.15,90.14 3 1
github.com/DrmagicE/gmqtt/persistence/queue/elem.go:95.45,96.17 1 2
github.com/DrmagicE/gmqtt/persistence/queue/elem.go:99.2,101.15 3 2
github.com/DrmagicE/gmqtt/persistence/queue/elem.go:115.2,115.8 1 2
github.com/DrmagicE/gmqtt/persistence/queue/elem.go:96.17,98.3 1 0
github.com/DrmagicE/gmqtt/persistence/queue/elem.go:102.9,106.22 4 1
github.com/DrmagicE/gmqtt/persistence/queue/elem.go:107.9,111.22 4 1
github.com/DrmagicE/gmqtt/persistence/queue/elem.go:112.10,113.42 1 0
github.com/DrmagicE/gmqtt/persistence/queue/elem_mock.go:25.71,29.2 3 0
github.com/DrmagicE/gmqtt/persistence/queue/elem_mock.go:32.69,34.2 1 0
github.com/DrmagicE/gmqtt/persistence/queue/elem_mock.go:37.51,42.2 4 0
github.com/DrmagicE/gmqtt/persistence/queue/elem_mock.go:45.60,48.2 2 0
github.com/DrmagicE/gmqtt/persistence/queue/elem_mock.go:51.56,54.2 2 0
github.com/DrmagicE/gmqtt/persistence/queue/elem_mock.go:57.77,60.2 2 0
github.com/DrmagicE/gmqtt/config/mqtt.go:58.32,59.33 1 0
github.com/DrmagicE/gmqtt/config/mqtt.go:62.2,62.25 1 0
github.com/DrmagicE/gmqtt/config/mqtt.go:65.2,65.23 1 0
github.com/DrmagicE/gmqtt/config/mqtt.go:68.2,68.26 1 0
github.com/DrmagicE/gmqtt/config/mqtt.go:71.2,71.24 1 0
github.com/DrmagicE/gmqtt/config/mqtt.go:74.2,74.61 1 0
github.com/DrmagicE/gmqtt/config/mqtt.go:77.2,77.12 1 0
github.com/DrmagicE/gmqtt/config/mqtt.go:59.33,61.3 1 0
github.com/DrmagicE/gmqtt/config/mqtt.go:62.25,64.3 1 0
github.com/DrmagicE/gmqtt/config/mqtt.go:65.23,67.3 1 0
github.com/DrmagicE/gmqtt/config/mqtt.go:68.26,70.3 1 0
github.com/DrmagicE/gmqtt/config/mqtt.go:71.24,73.3 1 0
github.com/DrmagicE/gmqtt/config/mqtt.go:74.61,76.3 1 0
github.com/DrmagicE/gmqtt/config/persistence.go:69.40,70.71 1 0
github.com/DrmagicE/gmqtt/config/persistence.go:73.2,74.16 2 0
github.com/DrmagicE/gmqtt/config/persistence.go:77.2,77.26 1 0
github.com/DrmagicE/gmqtt/config/persistence.go:80.2,80.12 1 0
github.com/DrmagicE/gmqtt/config/persistence.go:70.71,72.3 1 0
github.com/DrmagicE/gmqtt/config/persistence.go:74.16,76.3 1 0
github.com/DrmagicE/gmqtt/config/persistence.go:77.26,79.3 1 0
github.com/DrmagicE/gmqtt/config/api.go:36.70,37.19 1 10
github.com/DrmagicE/gmqtt/config/api.go:40.2,41.43 2 9
github.com/DrmagicE/gmqtt/config/api.go:44.2,44.23 1 9
github.com/DrmagicE/gmqtt/config/api.go:56.2,56.12 1 7
github.com/DrmagicE/gmqtt/config/api.go:37.19,39.3 1 1
github.com/DrmagicE/gmqtt/config/api.go:41.43,43.3 1 0
github.com/DrmagicE/gmqtt/config/api.go:44.23,45.21 1 9
github.com/DrmagicE/gmqtt/config/api.go:46.14,48.18 2 5
github.com/DrmagicE/gmqtt/config/api.go:51.15,51.15 0 2
github.com/DrmagicE/gmqtt/config/api.go:52.11,53.69 1 2
github.com/DrmagicE/gmqtt/config/api.go:48.18,50.5 1 0
github.com/DrmagicE/gmqtt/config/api.go:59.31,60.27 1 5
github.com/DrmagicE/gmqtt/config/api.go:66.2,66.27 1 4
github.com/DrmagicE/gmqtt/config/api.go:76.2,76.12 1 2
github.com/DrmagicE/gmqtt/config/api.go:60.27,62.17 2 5
github.com/DrmagicE/gmqtt/config/api.go:62.17,64.4 1 1
github.com/DrmagicE/gmqtt/config/api.go:66.27,68.17 2 3
github.com/DrmagicE/gmqtt/config/api.go:71.3,72.17 2 2
github.com/DrmagicE/gmqtt/config/api.go:68.17,70.4 1 1
github.com/DrmagicE/gmqtt/config/api.go:72.17,74.4 1 1
github.com/DrmagicE/gmqtt/config/config.go:29.69,30.44 1 0
github.com/DrmagicE/gmqtt/config/config.go:33.2,33.36 1 0
github.com/DrmagicE/gmqtt/config/config.go:30.44,31.70 1 0
github.com/DrmagicE/gmqtt/config/config.go:39.29,53.43 2 2
github.com/DrmagicE/gmqtt/config/config.go:56.2,56.10 1 2
github.com/DrmagicE/gmqtt/config/config.go:53.43,55.3 1 0
github.com/DrmagicE/gmqtt/config/config.go:83.37,84.88 1 0
github.com/DrmagicE/gmqtt/config/config.go:87.2,87.46 1 0
github.com/DrmagicE/gmqtt/config/config.go:90.2,90.12 1 0
github.com/DrmagicE/gmqtt/config/config.go:84.88,86.3 1 0
github.com/DrmagicE/gmqtt/config/config.go:87.46,89.3 1 0
github.com/DrmagicE/gmqtt/config/config.go:97.78,98.22 1 0
github.com/DrmagicE/gmqtt/config/config.go:104.2,104.12 1 0
github.com/DrmagicE/gmqtt/config/config.go:98.22,100.17 2 0
github.com/DrmagicE/gmqtt/config/config.go:100.17,102.4 1 0
github.com/DrmagicE/gmqtt/config/config.go:150.73,153.40 3 0
github.com/DrmagicE/gmqtt/config/config.go:156.2,157.27 2 0
github.com/DrmagicE/gmqtt/config/config.go:160.2,160.27 1 0
github.com/DrmagicE/gmqtt/config/config.go:172.2,173.12 2 0
github.com/DrmagicE/gmqtt/config/config.go:153.40,155.3 1 0
github.com/DrmagicE/gmqtt/config/config.go:157.27,159.3 1 0
github.com/DrmagicE/gmqtt/config/config.go:160.27,162.44 2 0
github.com/DrmagicE/gmqtt/config/config.go:162.44,164.4 1 0
github.com/DrmagicE/gmqtt/config/config.go:165.8,166.36 1 0
github.com/DrmagicE/gmqtt/config/config.go:166.36,167.16 1 0
github.com/DrmagicE/gmqtt/config/config.go:167.16,169.5 1 0
github.com/DrmagicE/gmqtt/config/config.go:176.40,178.16 2 0
github.com/DrmagicE/gmqtt/config/config.go:181.2,182.16 2 0
github.com/DrmagicE/gmqtt/config/config.go:185.2,186.16 2 0
github.com/DrmagicE/gmqtt/config/config.go:189.2,190.16 2 0
github.com/DrmagicE/gmqtt/config/config.go:193.2,193.33 1 0
github.com/DrmagicE/gmqtt/config/config.go:199.2,199.12 1 0
github.com/DrmagicE/gmqtt/config/config.go:178.16,180.3 1 0
github.com/DrmagicE/gmqtt/config/config.go:182.16,184.3 1 0
github.com/DrmagicE/gmqtt/config/config.go:186.16,188.3 1 0
github.com/DrmagicE/gmqtt/config/config.go:190.16,192.3 1 0
github.com/DrmagicE/gmqtt/config/config.go:193.33,195.17 2 0
github.com/DrmagicE/gmqtt/config/config.go:195.17,197.4 1 0
github.com/DrmagicE/gmqtt/config/config.go:202.57,203.20 1 1
github.com/DrmagicE/gmqtt/config/config.go:206.2,207.16 2 0
github.com/DrmagicE/gmqtt/config/config.go:210.2,212.16 3 0
github.com/DrmagicE/gmqtt/config/config.go:215.2,217.16 3 0
github.com/DrmagicE/gmqtt/config/config.go:220.2,220.15 1 0
github.com/DrmagicE/gmqtt/config/config.go:203.20,205.3 1 1
github.com/DrmagicE/gmqtt/config/config.go:207.16,209.3 1 0
github.com/DrmagicE/gmqtt/config/config.go:212.16,214.3 1 0
github.com/DrmagicE/gmqtt/config/config.go:217.16,219.3 1 0
github.com/DrmagicE/gmqtt/config/config.go:223.72,226.16 3 0
github.com/DrmagicE/gmqtt/config/config.go:229.2,230.29 2 0
github.com/DrmagicE/gmqtt/config/config.go:233.2,233.29 1 0
github.com/DrmagicE/gmqtt/config/config.go:237.2,238.20 2 0
github.com/DrmagicE/gmqtt/config/config.go:226.16,228.3 1 0
github.com/DrmagicE/gmqtt/config/config.go:230.29,232.3 1 0
github.com/DrmagicE/gmqtt/config/config.go:233.29,235.3 1 0
github.com/DrmagicE/gmqtt/config/config_mock.go:24.71,28.2 3 0
github.com/DrmagicE/gmqtt/config/config_mock.go:31.69,33.2 1 0
github.com/DrmagicE/gmqtt/config/config_mock.go:36.46,41.2 4 0
github.com/DrmagicE/gmqtt/config/config_mock.go:44.66,47.2 2 0
github.com/DrmagicE/gmqtt/config/config_mock.go:50.84,55.2 4 0
github.com/DrmagicE/gmqtt/config/config_mock.go:58.92,61.2 2 0
github.com/DrmagicE/gmqtt/pkg/packets/properties.go:43.43,45.2 1 0
github.com/DrmagicE/gmqtt/pkg/packets/properties.go:146.49,147.14 1 0
github.com/DrmagicE/gmqtt/pkg/packets/properties.go:150.2,151.29 2 0
github.com/DrmagicE/gmqtt/pkg/packets/properties.go:158.2,158.39 1 0
github.com/DrmagicE/gmqtt/pkg/packets/properties.go:147.14,149.3 1 0
github.com/DrmagicE/gmqtt/pkg/packets/properties.go:151.29,153.17 2 0
github.com/DrmagicE/gmqtt/pkg/packets/properties.go:156.3,156.64 1 0
github.com/DrmagicE/gmqtt/pkg/packets/properties.go:153.17,155.4 1 0
github.com/DrmagicE/gmqtt/pkg/packets/properties.go:162.38,192.2 29 0
github.com/DrmagicE/gmqtt/pkg/packets/properties.go:194.61,196.15 2 0
github.com/DrmagicE/gmqtt/pkg/packets/properties.go:201.2,201.14 1 0
github.com/DrmagicE/gmqtt/pkg/packets/properties.go:204.2,210.22 7 0
github.com/DrmagicE/gmqtt/pkg/packets/properties.go:196.15,200.3 3 0
github.com/DrmagicE/gmqtt/pkg/packets/properties.go:201.14,203.3 1 0
github.com/DrmagicE/gmqtt/pkg/packets/properties.go:210.22,211.28 1 0
github.com/DrmagicE/gmqtt/pkg/packets/properties.go:211.28,215.4 3 0
github.com/DrmagicE/gmqtt/pkg/packets/properties.go:221.64,223.15 2 29
github.com/DrmagicE/gmqtt/pkg/packets/properties.go:228.2,228.14 1 29
github.com/DrmagicE/gmqtt/pkg/packets/properties.go:231.2,237.40 6 26
github.com/DrmagicE/gmqtt/pkg/packets/properties.go:244.2,261.22 17 26
github.com/DrmagicE/gmqtt/pkg/packets/properties.go:269.2,272.74 4 26
github.com/DrmagicE/gmqtt/pkg/packets/properties.go:223.15,227.3 3 29
github.com/DrmagicE/gmqtt/pkg/packets/properties.go:228.14,230.3 1 3
github.com/DrmagicE/gmqtt/pkg/packets/properties.go:237.40,238.46 1 1
github.com/DrmagicE/gmqtt/pkg/packets/properties.go:238.46,242.4 3 1
github.com/DrmagicE/gmqtt/pkg/packets/properties.go:261.22,262.28 1 0
github.com/DrmagicE/gmqtt/pkg/packets/properties.go:262.28,266.4 3 0
github.com/DrmagicE/gmqtt/pkg/packets/properties.go:275.69,279.16 3 0
github.com/DrmagicE/gmqtt/pkg/packets/properties.go:282.2,282.17 1 0
github.com/DrmagicE/gmqtt/pkg/packets/properties.go:285.2,287.6 3 0
github.com/DrmagicE/gmqtt/pkg/packets/properties.go:327.2,327.12 1 0
github.com/DrmagicE/gmqtt/pkg/packets/properties.go:279.16,281.3 1 0
github.com/DrmagicE/gmqtt/pkg/packets/properties.go:282.17,284.3 1 0
github.com/DrmagicE/gmqtt/pkg/packets/properties.go:287.6,288.17 1 0
github.com/DrmagicE/gmqtt/pkg/packets/properties.go:291.3,292.34 2 0
github.com/DrmagicE/gmqtt/pkg/packets/properties.go:295.3,295.20 1 0
github.com/DrmagicE/gmqtt/pkg/packets/properties.go:298.3,298.19 1 0
github.com/DrmagicE/gmqtt/pkg/packets/properties.go:288.17,290.4 1 0
github.com/DrmagicE/gmqtt/pkg/packets/properties.go:292.34,294.4 1 0
github.com/DrmagicE/gmqtt/pkg/packets/properties.go:295.20,296.9 1 0
github.com/DrmagicE/gmqtt/pkg/packets/properties.go:299.30,300.94 1 0
github.com/DrmagicE/gmqtt/pkg/packets/properties.go:301.26,302.79 1 0
github.com/DrmagicE/gmqtt/pkg/packets/properties.go:303.26,304.86 1 0
github.com/DrmagicE/gmqtt/pkg/packets/properties.go:305.24,306.86 1 0
github.com/DrmagicE/gmqtt/pkg/packets/properties.go:307.26,308.106 1 0
github.com/DrmagicE/gmqtt/pkg/packets/properties.go:311.28,312.90 1 0
github.com/DrmagicE/gmqtt/pkg/packets/properties.go:313.17,315.18 2 0
github.com/DrmagicE/gmqtt/pkg/packets/properties.go:318.4,319.18 2 0
github.com/DrmagicE/gmqtt/pkg/packets/properties.go:322.4,322.53 1 0
github.com/DrmagicE/gmqtt/pkg/packets/properties.go:323.11,324.29 1 0
github.com/DrmagicE/gmqtt/pkg/packets/properties.go:308.106,310.5 1 0
github.com/DrmagicE/gmqtt/pkg/packets/properties.go:315.18,317.5 1 0
github.com/DrmagicE/gmqtt/pkg/packets/properties.go:319.18,321.5 1 0
github.com/DrmagicE/gmqtt/pkg/packets/properties.go:333.72,337.16 3 29
github.com/DrmagicE/gmqtt/pkg/packets/properties.go:340.2,340.17 1 29
github.com/DrmagicE/gmqtt/pkg/packets/properties.go:343.2,345.6 3 14
github.com/DrmagicE/gmqtt/pkg/packets/properties.go:446.2,446.46 1 14
github.com/DrmagicE/gmqtt/pkg/packets/properties.go:449.2,449.12 1 14
github.com/DrmagicE/gmqtt/pkg/packets/properties.go:337.16,339.3 1 0
github.com/DrmagicE/gmqtt/pkg/packets/properties.go:340.17,342.3 1 15
github.com/DrmagicE/gmqtt/pkg/packets/properties.go:345.6,346.17 1 29
github.com/DrmagicE/gmqtt/pkg/packets/properties.go:349.3,350.34 2 29
github.com/DrmagicE/gmqtt/pkg/packets/properties.go:353.3,353.20 1 29
github.com/DrmagicE/gmqtt/pkg/packets/properties.go:357.3,357.40 1 15
github.com/DrmagicE/gmqtt/pkg/packets/properties.go:361.3,361.19 1 15
github.com/DrmagicE/gmqtt/pkg/packets/properties.go:346.17,348.4 1 0
github.com/DrmagicE/gmqtt/pkg/packets/properties.go:350.34,352.4 1 0
github.com/DrmagicE/gmqtt/pkg/packets/properties.go:353.20,354.9 1 14
github.com/DrmagicE/gmqtt/pkg/packets/properties.go:357.40,359.4 1 0
github.com/DrmagicE/gmqtt/pkg/packets/properties.go:362.26,363.79 1 2
github.com/DrmagicE/gmqtt/pkg/packets/properties.go:364.26,365.86 1 2
github.com/DrmagicE/gmqtt/pkg/packets/properties.go:366.24,367.86 1 0
github.com/DrmagicE/gmqtt/pkg/packets/properties.go:368.26,369.106 1 0
github.com/DrmagicE/gmqtt/pkg/packets/properties.go:372.28,373.90 1 0
github.com/DrmagicE/gmqtt/pkg/packets/properties.go:374.35,375.42 1 2
github.com/DrmagicE/gmqtt/pkg/packets/properties.go:378.4,379.18 2 2
github.com/DrmagicE/gmqtt/pkg/packets/properties.go:382.4,382.15 1 2
github.com/DrmagicE/gmqtt/pkg/packets/properties.go:385.4,385.75 1 2
github.com/DrmagicE/gmqtt/pkg/packets/properties.go:386.34,387.102 1 1
github.com/DrmagicE/gmqtt/pkg/packets/properties.go:388.29,389.96 1 0
github.com/DrmagicE/gmqtt/pkg/packets/properties.go:390.28,391.90 1 0
github.com/DrmagicE/gmqtt/pkg/packets/properties.go:392.23,393.84 1 0
github.com/DrmagicE/gmqtt/pkg/packets/properties.go:394.21,395.80 1 0
github.com/DrmagicE/gmqtt/pkg/packets/properties.go:396.31,397.89 1 0
github.com/DrmagicE/gmqtt/pkg/packets/properties.go:398.30,399.94 1 0
github.com/DrmagicE/gmqtt/pkg/packets/properties.go:400.32,401.91 1 0
github.com/DrmagicE/gmqtt/pkg/packets/properties.go:402.25,403.88 1 0
github.com/DrmagicE/gmqtt/pkg/packets/properties.go:404.28,405.94 1 0
github.com/DrmagicE/gmqtt/pkg/packets/properties.go:406.25,407.88 1 8
github.com/DrmagicE/gmqtt/pkg/packets/properties.go:408.27,409.104 1 0
github.com/DrmagicE/gmqtt/pkg/packets/properties.go:412.30,413.94 1 0
github.com/DrmagicE/gmqtt/pkg/packets/properties.go:414.23,415.96 1 0
github.com/DrmagicE/gmqtt/pkg/packets/properties.go:418.23,419.73 1 0
github.com/DrmagicE/gmqtt/pkg/packets/properties.go:420.28,421.83 1 0
github.com/DrmagicE/gmqtt/pkg/packets/properties.go:422.17,424.18 2 0
github.com/DrmagicE/gmqtt/pkg/packets/properties.go:427.4,428.18 2 0
github.com/DrmagicE/gmqtt/pkg/packets/properties.go:431.4,431.53 1 0
github.com/DrmagicE/gmqtt/pkg/packets/properties.go:432.30,433.110 1 0
github.com/DrmagicE/gmqtt/pkg/packets/properties.go:436.33,437.93 1 0
github.com/DrmagicE/gmqtt/pkg/packets/properties.go:438.27,439.81 1 0
github.com/DrmagicE/gmqtt/pkg/packets/properties.go:440.31,441.89 1 0
github.com/DrmagicE/gmqtt/pkg/packets/properties.go:442.11,443.29 1 0
github.com/DrmagicE/gmqtt/pkg/packets/properties.go:369.106,371.5 1 0
github.com/DrmagicE/gmqtt/pkg/packets/properties.go:375.42,377.5 1 0
github.com/DrmagicE/gmqtt/pkg/packets/properties.go:379.18,381.5 1 0
github.com/DrmagicE/gmqtt/pkg/packets/properties.go:382.15,384.5 1 0
github.com/DrmagicE/gmqtt/pkg/packets/properties.go:409.104,411.5 1 0
github.com/DrmagicE/gmqtt/pkg/packets/properties.go:415.96,417.5 1 0
github.com/DrmagicE/gmqtt/pkg/packets/properties.go:424.18,426.5 1 0
github.com/DrmagicE/gmqtt/pkg/packets/properties.go:428.18,430.5 1 0
github.com/DrmagicE/gmqtt/pkg/packets/properties.go:433.110,435.5 1 0
github.com/DrmagicE/gmqtt/pkg/packets/properties.go:446.46,448.3 1 0
github.com/DrmagicE/gmqtt/pkg/packets/properties.go:487.47,490.2 2 15
github.com/DrmagicE/gmqtt/pkg/packets/properties.go:492.50,494.2 1 26
github.com/DrmagicE/gmqtt/pkg/packets/properties.go:496.79,497.14 1 2
github.com/DrmagicE/gmqtt/pkg/packets/properties.go:500.2,501.16 2 2
github.com/DrmagicE/gmqtt/pkg/packets/properties.go:504.2,504.22 1 2
github.com/DrmagicE/gmqtt/pkg/packets/properties.go:507.2,507.16 1 2
github.com/DrmagicE/gmqtt/pkg/packets/properties.go:497.14,499.3 1 0
github.com/DrmagicE/gmqtt/pkg/packets/properties.go:501.16,503.3 1 0
github.com/DrmagicE/gmqtt/pkg/packets/properties.go:504.22,506.3 1 0
github.com/DrmagicE/gmqtt/pkg/packets/properties.go:511.49,512.14 1 3
github.com/DrmagicE/gmqtt/pkg/packets/properties.go:515.2,516.16 2 3
github.com/DrmagicE/gmqtt/pkg/packets/properties.go:519.2,519.21 1 3
github.com/DrmagicE/gmqtt/pkg/packets/properties.go:524.2,524.16 1 3
github.com/DrmagicE/gmqtt/pkg/packets/properties.go:512.14,514.3 1 0
github.com/DrmagicE/gmqtt/pkg/packets/properties.go:516.16,518.3 1 0
github.com/DrmagicE/gmqtt/pkg/packets/properties.go:519.21,520.19 1 0
github.com/DrmagicE/gmqtt/pkg/packets/properties.go:520.19,522.4 1 0
github.com/DrmagicE/gmqtt/pkg/packets/properties.go:527.115,528.14 1 0
github.com/DrmagicE/gmqtt/pkg/packets/properties.go:531.2,532.16 2 0
github.com/DrmagicE/gmqtt/pkg/packets/properties.go:535.2,535.21 1 0
github.com/DrmagicE/gmqtt/pkg/packets/properties.go:540.2,540.16 1 0
github.com/DrmagicE/gmqtt/pkg/packets/properties.go:528.14,530.3 1 0
github.com/DrmagicE/gmqtt/pkg/packets/properties.go:532.16,534.3 1 0
github.com/DrmagicE/gmqtt/pkg/packets/properties.go:535.21,536.19 1 0
github.com/DrmagicE/gmqtt/pkg/packets/properties.go:536.19,538.4 1 0
github.com/DrmagicE/gmqtt/pkg/packets/properties.go:542.123,543.14 1 8
github.com/DrmagicE/gmqtt/pkg/packets/properties.go:546.2,547.16 2 8
github.com/DrmagicE/gmqtt/pkg/packets/properties.go:550.2,550.21 1 8
github.com/DrmagicE/gmqtt/pkg/packets/properties.go:555.2,555.15 1 8
github.com/DrmagicE/gmqtt/pkg/packets/properties.go:543.14,545.3 1 0
github.com/DrmagicE/gmqtt/pkg/packets/properties.go:547.16,549.3 1 0
github.com/DrmagicE/gmqtt/pkg/packets/properties.go:550.21,551.19 1 0
github.com/DrmagicE/gmqtt/pkg/packets/properties.go:551.19,553.4 1 0
github.com/DrmagicE/gmqtt/pkg/packets/properties.go:558.54,559.14 1 0
github.com/DrmagicE/gmqtt/pkg/packets/properties.go:562.2,563.16 2 0
github.com/DrmagicE/gmqtt/pkg/packets/properties.go:566.2,566.21 1 0
github.com/DrmagicE/gmqtt/pkg/packets/properties.go:571.2,571.15 1 0
github.com/DrmagicE/gmqtt/pkg/packets/properties.go:559.14,561.3 1 0
github.com/DrmagicE/gmqtt/pkg/packets/properties.go:563.16,565.3 1 0
github.com/DrmagicE/gmqtt/pkg/packets/properties.go:566.21,567.19 1 0
github.com/DrmagicE/gmqtt/pkg/packets/properties.go:567.19,569.4 1 0
github.com/DrmagicE/gmqtt/pkg/packets/properties.go:574.58,575.14 1 208
github.com/DrmagicE/gmqtt/pkg/packets/properties.go:575.14,577.3 1 3
github.com/DrmagicE/gmqtt/pkg/packets/properties.go:580.62,581.14 1 104
github.com/DrmagicE/gmqtt/pkg/packets/properties.go:581.14,584.3 2 1
github.com/DrmagicE/gmqtt/pkg/packets/properties.go:586.62,587.14 1 104
github.com/DrmagicE/gmqtt/pkg/packets/properties.go:587.14,590.3 2 3
github.com/DrmagicE/gmqtt/pkg/packets/properties.go:593.61,594.14 1 234
github.com/DrmagicE/gmqtt/pkg/packets/properties.go:594.14,597.3 2 8
github.com/DrmagicE/gmqtt/pkg/packets/auth.go:17.32,19.2 1 0
github.com/DrmagicE/gmqtt/pkg/packets/auth.go:21.40,24.52 3 3
github.com/DrmagicE/gmqtt/pkg/packets/auth.go:28.2,30.16 3 3
github.com/DrmagicE/gmqtt/pkg/packets/auth.go:33.2,34.12 2 3
github.com/DrmagicE/gmqtt/pkg/packets/auth.go:24.52,27.3 2 2
github.com/DrmagicE/gmqtt/pkg/packets/auth.go:30.16,32.3 1 0
github.com/DrmagicE/gmqtt/pkg/packets/auth.go:37.42,38.35 1 3
github.com/DrmagicE/gmqtt/pkg/packets/auth.go:42.2,44.16 3 2
github.com/DrmagicE/gmqtt/pkg/packets/auth.go:47.2,49.16 3 2
github.com/DrmagicE/gmqtt/pkg/packets/auth.go:52.2,52.33 1 2
github.com/DrmagicE/gmqtt/pkg/packets/auth.go:55.2,56.40 2 2
github.com/DrmagicE/gmqtt/pkg/packets/auth.go:38.35,41.3 2 1
github.com/DrmagicE/gmqtt/pkg/packets/auth.go:44.16,46.3 1 0
github.com/DrmagicE/gmqtt/pkg/packets/auth.go:49.16,51.3 1 0
github.com/DrmagicE/gmqtt/pkg/packets/auth.go:52.33,54.3 1 0
github.com/DrmagicE/gmqtt/pkg/packets/auth.go:59.63,62.30 2 3
github.com/DrmagicE/gmqtt/pkg/packets/auth.go:65.2,66.16 2 3
github.com/DrmagicE/gmqtt/pkg/packets/auth.go:69.2,69.15 1 3
github.com/DrmagicE/gmqtt/pkg/packets/auth.go:62.30,64.3 1 0
github.com/DrmagicE/gmqtt/pkg/packets/auth.go:66.16,68.3 1 0
github.com/DrmagicE/gmqtt/pkg/packets/connect.go:37.35,41.2 1 0
github.com/DrmagicE/gmqtt/pkg/packets/connect.go:44.43,62.20 8 0
github.com/DrmagicE/gmqtt/pkg/packets/connect.go:65.2,65.20 1 0
github.com/DrmagicE/gmqtt/pkg/packets/connect.go:68.2,68.18 1 0
github.com/DrmagicE/gmqtt/pkg/packets/connect.go:71.2,71.20 1 0
github.com/DrmagicE/gmqtt/pkg/packets/connect.go:76.2,76.16 1 0
github.com/DrmagicE/gmqtt/pkg/packets/connect.go:79.2,79.18 1 0
github.com/DrmagicE/gmqtt/pkg/packets/connect.go:82.2,86.27 4 0
github.com/DrmagicE/gmqtt/pkg/packets/connect.go:89.2,91.16 2 0
github.com/DrmagicE/gmqtt/pkg/packets/connect.go:94.2,96.16 2 0
github.com/DrmagicE/gmqtt/pkg/packets/connect.go:111.2,111.20 1 0
github.com/DrmagicE/gmqtt/pkg/packets/connect.go:118.2,118.20 1 0
github.com/DrmagicE/gmqtt/pkg/packets/connect.go:126.2,128.16 3 0
github.com/DrmagicE/gmqtt/pkg/packets/connect.go:131.2,132.12 2 0
github.com/DrmagicE/gmqtt/pkg/packets/connect.go:62.20,64.3 1 0
github.com/DrmagicE/gmqtt/pkg/packets/connect.go:65.20,67.3 1 0
github.com/DrmagicE/gmqtt/pkg/packets/connect.go:68.18,70.3 1 0
github.com/DrmagicE/gmqtt/pkg/packets/connect.go:71.20,73.3 1 0
github.com/DrmagicE/gmqtt/pkg/packets/connect.go:73.8,73.27 1 0
github.com/DrmagicE/gmqtt/pkg/packets/connect.go:73.27,75.3 1 0
github.com/DrmagicE/gmqtt/pkg/packets/connect.go:76.16,78.3 1 0
github.com/DrmagicE/gmqtt/pkg/packets/connect.go:79.18,81.3 1 0
github.com/DrmagicE/gmqtt/pkg/packets/connect.go:86.27,88.3 1 0
github.com/DrmagicE/gmqtt/pkg/packets/connect.go:91.16,93.3 1 0
github.com/DrmagicE/gmqtt/pkg/packets/connect.go:96.16,97.28 1 0
github.com/DrmagicE/gmqtt/pkg/packets/connect.go:100.3,101.17 2 0
github.com/DrmagicE/gmqtt/pkg/packets/connect.go:104.3,106.17 3 0
github.com/DrmagicE/gmqtt/pkg/packets/connect.go:109.3,109.26 1 0
github.com/DrmagicE/gmqtt/pkg/packets/connect.go:97.28,99.4 1 0
github.com/DrmagicE/gmqtt/pkg/packets/connect.go:101.17,103.4 1 0
github.com/DrmagicE/gmqtt/pkg/packets/connect.go:106.17,108.4 1 0
github.com/DrmagicE/gmqtt/pkg/packets/connect.go:111.20,113.17 2 0
github.com/DrmagicE/gmqtt/pkg/packets/connect.go:116.3,116.27 1 0
github.com/DrmagicE/gmqtt/pkg/packets/connect.go:113.17,115.4 1 0
github.com/DrmagicE/gmqtt/pkg/packets/connect.go:118.20,120.17 2 0
github.com/DrmagicE/gmqtt/pkg/packets/connect.go:123.3,123.27 1 0
github.com/DrmagicE/gmqtt/pkg/packets/connect.go:120.17,122.4 1 0
github.com/DrmagicE/gmqtt/pkg/packets/connect.go:128.16,130.3 1 0
github.com/DrmagicE/gmqtt/pkg/packets/connect.go:136.51,139.16 3 2
github.com/DrmagicE/gmqtt/pkg/packets/connect.go:142.2,144.16 3 2
github.com/DrmagicE/gmqtt/pkg/packets/connect.go:147.2,148.16 2 2
github.com/DrmagicE/gmqtt/pkg/packets/connect.go:151.2,152.66 2 2
github.com/DrmagicE/gmqtt/pkg/packets/connect.go:155.2,155.62 1 2
github.com/DrmagicE/gmqtt/pkg/packets/connect.go:158.2,159.16 2 2
github.com/DrmagicE/gmqtt/pkg/packets/connect.go:162.2,163.19 2 2
github.com/DrmagicE/gmqtt/pkg/packets/connect.go:166.2,169.35 4 0
github.com/DrmagicE/gmqtt/pkg/packets/connect.go:172.2,173.33 2 0
github.com/DrmagicE/gmqtt/pkg/packets/connect.go:176.2,179.16 4 0
github.com/DrmagicE/gmqtt/pkg/packets/connect.go:183.2,183.27 1 0
github.com/DrmagicE/gmqtt/pkg/packets/connect.go:191.2,191.30 1 0
github.com/DrmagicE/gmqtt/pkg/packets/connect.go:139.16,141.3 1 0
github.com/DrmagicE/gmqtt/pkg/packets/connect.go:144.16,146.3 1 0
github.com/DrmagicE/gmqtt/pkg/packets/connect.go:148.16,150.3 1 0
github.com/DrmagicE/gmqtt/pkg/packets/connect.go:152.66,154.3 1 0
github.com/DrmagicE/gmqtt/pkg/packets/connect.go:155.62,157.3 1 0
github.com/DrmagicE/gmqtt/pkg/packets/connect.go:159.16,161.3 1 0
github.com/DrmagicE/gmqtt/pkg/packets/connect.go:163.19,165.3 1 2
github.com/DrmagicE/gmqtt/pkg/packets/connect.go:169.35,171.3 1 0
github.com/DrmagicE/gmqtt/pkg/packets/connect.go:173.33,175.3 1 0
github.com/DrmagicE/gmqtt/pkg/packets/connect.go:179.16,181.3 1 0
github.com/DrmagicE/gmqtt/pkg/packets/connect.go:183.27,187.60 3 0
github.com/DrmagicE/gmqtt/pkg/packets/connect.go:187.60,189.4 1 0
github.com/DrmagicE/gmqtt/pkg/packets/connect.go:194.59,197.16 3 0
github.com/DrmagicE/gmqtt/pkg/packets/connect.go:201.2,201.70 1 0
github.com/DrmagicE/gmqtt/pkg/packets/connect.go:205.2,205.16 1 0
github.com/DrmagicE/gmqtt/pkg/packets/connect.go:222.2,222.20 1 0
github.com/DrmagicE/gmqtt/pkg/packets/connect.go:228.2,228.20 1 0
github.com/DrmagicE/gmqtt/pkg/packets/connect.go:234.2,234.12 1 0
github.com/DrmagicE/gmqtt/pkg/packets/connect.go:197.16,199.3 1 0
github.com/DrmagicE/gmqtt/pkg/packets/connect.go:201.70,203.3 1 0
github.com/DrmagicE/gmqtt/pkg/packets/connect.go:205.16,206.28 1 0
github.com/DrmagicE/gmqtt/pkg/packets/connect.go:212.3,213.17 2 0
github.com/DrmagicE/gmqtt/pkg/packets/connect.go:216.3,217.17 2 0
github.com/DrmagicE/gmqtt/pkg/packets/connect.go:206.28,208.18 2 0
github.com/DrmagicE/gmqtt/pkg/packets/connect.go:208.18,210.5 1 0
github.com/DrmagicE/gmqtt/pkg/packets/connect.go:213.17,215.4 1 0
github.com/DrmagicE/gmqtt/pkg/packets/connect.go:217.17,219.4 1 0
github.com/DrmagicE/gmqtt/pkg/packets/connect.go:222.20,224.17 2 0
github.com/DrmagicE/gmqtt/pkg/packets/connect.go:224.17,226.4 1 0
github.com/DrmagicE/gmqtt/pkg/packets/connect.go:228.20,230.17 2 0
github.com/DrmagicE/gmqtt/pkg/packets/connect.go:230.17,232.4 1 0
github.com/DrmagicE/gmqtt/pkg/packets/connect.go:238.86,242.30 2 2
github.com/DrmagicE/gmqtt/pkg/packets/connect.go:245.2,246.16 2 2
github.com/DrmagicE/gmqtt/pkg/packets/connect.go:249.2,249.15 1 0
github.com/DrmagicE/gmqtt/pkg/packets/connect.go:242.30,244.3 1 0
github.com/DrmagicE/gmqtt/pkg/packets/connect.go:246.16,248.3 1 2
github.com/DrmagicE/gmqtt/pkg/packets/connect.go:253.81,255.60 2 0
github.com/DrmagicE/gmqtt/pkg/packets/connect.go:258.2,258.12 1 0
github.com/DrmagicE/gmqtt/pkg/packets/connect.go:255.60,257.3 1 0
github.com/DrmagicE/gmqtt/pkg/packets/puback.go:21.34,23.2 1 0
github.com/DrmagicE/gmqtt/pkg/packets/puback.go:26.84,29.16 3 5
github.com/DrmagicE/gmqtt/pkg/packets/puback.go:32.2,32.15 1 5
github.com/DrmagicE/gmqtt/pkg/packets/puback.go:29.16,31.3 1 0
github.com/DrmagicE/gmqtt/pkg/packets/puback.go:36.42,40.79 4 4
github.com/DrmagicE/gmqtt/pkg/packets/puback.go:45.2,47.16 3 4
github.com/DrmagicE/gmqtt/pkg/packets/puback.go:50.2,51.12 2 4
github.com/DrmagicE/gmqtt/pkg/packets/puback.go:40.79,44.3 2 2
github.com/DrmagicE/gmqtt/pkg/packets/puback.go:47.16,49.3 1 0
github.com/DrmagicE/gmqtt/pkg/packets/puback.go:55.44,58.16 3 5
github.com/DrmagicE/gmqtt/pkg/packets/puback.go:61.2,64.16 3 5
github.com/DrmagicE/gmqtt/pkg/packets/puback.go:67.2,67.35 1 5
github.com/DrmagicE/gmqtt/pkg/packets/puback.go:72.2,72.27 1 2
github.com/DrmagicE/gmqtt/pkg/packets/puback.go:84.2,84.12 1 2
github.com/DrmagicE/gmqtt/pkg/packets/puback.go:58.16,60.3 1 0
github.com/DrmagicE/gmqtt/pkg/packets/puback.go:64.16,66.3 1 0
github.com/DrmagicE/gmqtt/pkg/packets/puback.go:67.35,70.3 2 3
github.com/DrmagicE/gmqtt/pkg/packets/puback.go:72.27,74.48 2 2
github.com/DrmagicE/gmqtt/pkg/packets/puback.go:77.3,77.36 1 2
github.com/DrmagicE/gmqtt/pkg/packets/puback.go:80.3,80.59 1 2
github.com/DrmagicE/gmqtt/pkg/packets/puback.go:74.48,76.4 1 0
github.com/DrmagicE/gmqtt/pkg/packets/puback.go:77.36,79.4 1 0
github.com/DrmagicE/gmqtt/pkg/packets/puback.go:80.59,82.4 1 0
github.com/DrmagicE/gmqtt/pkg/packets/publish.go:24.35,27.2 1 0
github.com/DrmagicE/gmqtt/pkg/packets/publish.go:30.86,34.25 4 8
github.com/DrmagicE/gmqtt/pkg/packets/publish.go:37.2,37.18 1 8
github.com/DrmagicE/gmqtt/pkg/packets/publish.go:40.2,40.21 1 8
github.com/DrmagicE/gmqtt/pkg/packets/publish.go:43.2,44.16 2 8
github.com/DrmagicE/gmqtt/pkg/packets/publish.go:47.2,47.15 1 8
github.com/DrmagicE/gmqtt/pkg/packets/publish.go:34.25,36.3 1 0
github.com/DrmagicE/gmqtt/pkg/packets/publish.go:37.18,39.3 1 0
github.com/DrmagicE/gmqtt/pkg/packets/publish.go:40.21,42.3 1 5
github.com/DrmagicE/gmqtt/pkg/packets/publish.go:44.16,46.3 1 0
github.com/DrmagicE/gmqtt/pkg/packets/publish.go:51.43,57.11 6 8
github.com/DrmagicE/gmqtt/pkg/packets/publish.go:60.2,60.14 1 8
github.com/DrmagicE/gmqtt/pkg/packets/publish.go:63.2,65.36 3 8
github.com/DrmagicE/gmqtt/pkg/packets/publish.go:68.2,68.27 1 8
github.com/DrmagicE/gmqtt/pkg/packets/publish.go:71.2,74.16 4 8
github.com/DrmagicE/gmqtt/pkg/packets/publish.go:77.2,79.12 2 8
github.com/DrmagicE/gmqtt/pkg/packets/publish.go:57.11,59.3 1 3
github.com/DrmagicE/gmqtt/pkg/packets/publish.go:60.14,62.3 1 5
github.com/DrmagicE/gmqtt/pkg/packets/publish.go:65.36,67.3 1 6
github.com/DrmagicE/gmqtt/pkg/packets/publish.go:68.27,70.3 1 5
github.com/DrmagicE/gmqtt/pkg/packets/publish.go:74.16,76.3 1 0
github.com/DrmagicE/gmqtt/pkg/packets/publish.go:84.45,88.16 4 8
github.com/DrmagicE/gmqtt/pkg/packets/publish.go:91.2,93.16 3 8
github.com/DrmagicE/gmqtt/pkg/packets/publish.go:96.2,96.40 1 8
github.com/DrmagicE/gmqtt/pkg/packets/publish.go:99.2,99.18 1 8
github.com/DrmagicE/gmqtt/pkg/packets/publish.go:105.2,105.27 1 8
github.com/DrmagicE/gmqtt/pkg/packets/publish.go:111.2,112.12 2 8
github.com/DrmagicE/gmqtt/pkg/packets/publish.go:88.16,90.3 1 0
github.com/DrmagicE/gmqtt/pkg/packets/publish.go:93.16,95.3 1 0
github.com/DrmagicE/gmqtt/pkg/packets/publish.go:96.40,98.3 1 0
github.com/DrmagicE/gmqtt/pkg/packets/publish.go:99.18,101.17 2 6
github.com/DrmagicE/gmqtt/pkg/packets/publish.go:101.17,103.4 1 0
github.com/DrmagicE/gmqtt/pkg/packets/publish.go:105.27,107.60 2 5
github.com/DrmagicE/gmqtt/pkg/packets/publish.go:107.60,109.4 1 0
github.com/DrmagicE/gmqtt/pkg/packets/publish.go:116.71,124.2 2 1
github.com/DrmagicE/gmqtt/pkg/packets/publish.go:127.71,135.2 2 1
github.com/DrmagicE/gmqtt/pkg/packets/unsubscribe.go:20.39,22.2 1 0
github.com/DrmagicE/gmqtt/pkg/packets/unsubscribe.go:25.48,28.34 3 0
github.com/DrmagicE/gmqtt/pkg/packets/unsubscribe.go:31.2,31.17 1 0
github.com/DrmagicE/gmqtt/pkg/packets/unsubscribe.go:28.34,30.3 1 0
github.com/DrmagicE/gmqtt/pkg/packets/unsubscribe.go:35.94,38.33 2 3
github.com/DrmagicE/gmqtt/pkg/packets/unsubscribe.go:41.2,42.16 2 3
github.com/DrmagicE/gmqtt/pkg/packets/unsubscribe.go:45.2,45.15 1 2
github.com/DrmagicE/gmqtt/pkg/packets/unsubscribe.go:38.33,40.3 1 0
github.com/DrmagicE/gmqtt/pkg/packets/unsubscribe.go:42.16,44.3 1 1
github.com/DrmagicE/gmqtt/pkg/packets/unsubscribe.go:49.47,53.27 4 2
github.com/DrmagicE/gmqtt/pkg/packets/unsubscribe.go:56.2,56.33 1 2
github.com/DrmagicE/gmqtt/pkg/packets/unsubscribe.go:59.2,61.16 3 2
github.com/DrmagicE/gmqtt/pkg/packets/unsubscribe.go:64.2,65.12 2 2
github.com/DrmagicE/gmqtt/pkg/packets/unsubscribe.go:53.27,55.3 1 1
github.com/DrmagicE/gmqtt/pkg/packets/unsubscribe.go:56.33,58.3 1 4
github.com/DrmagicE/gmqtt/pkg/packets/unsubscribe.go:61.16,63.3 1 0
github.com/DrmagicE/gmqtt/pkg/packets/unsubscribe.go:69.49,72.16 3 3
github.com/DrmagicE/gmqtt/pkg/packets/unsubscribe.go:75.2,77.16 3 3
github.com/DrmagicE/gmqtt/pkg/packets/unsubscribe.go:81.2,81.27 1 3
github.com/DrmagicE/gmqtt/pkg/packets/unsubscribe.go:87.2,87.6 1 3
github.com/DrmagicE/gmqtt/pkg/packets/unsubscribe.go:72.16,74.3 1 0
github.com/DrmagicE/gmqtt/pkg/packets/unsubscribe.go:77.16,79.3 1 0
github.com/DrmagicE/gmqtt/pkg/packets/unsubscribe.go:81.27,83.64 2 2
github.com/DrmagicE/gmqtt/pkg/packets/unsubscribe.go:83.64,85.4 1 0
github.com/DrmagicE/gmqtt/pkg/packets/unsubscribe.go:87.6,89.17 2 5
github.com/DrmagicE/gmqtt/pkg/packets/unsubscribe.go:92.3,92.43 1 4
github.com/DrmagicE/gmqtt/pkg/packets/unsubscribe.go:95.3,96.22 2 4
github.com/DrmagicE/gmqtt/pkg/packets/unsubscribe.go:89.17,91.4 1 1
github.com/DrmagicE/gmqtt/pkg/packets/unsubscribe.go:92.43,94.4 1 0
github.com/DrmagicE/gmqtt/pkg/packets/unsubscribe.go:96.22,98.4 1 2
github.com/DrmagicE/gmqtt/pkg/packets/connack.go:20.35,22.2 1 0
github.com/DrmagicE/gmqtt/pkg/packets/connack.go:25.43,29.22 4 7
github.com/DrmagicE/gmqtt/pkg/packets/connack.go:34.2,35.27 2 7
github.com/DrmagicE/gmqtt/pkg/packets/connack.go:38.2,40.16 3 7
github.com/DrmagicE/gmqtt/pkg/packets/connack.go:43.2,44.12 2 7
github.com/DrmagicE/gmqtt/pkg/packets/connack.go:29.22,31.3 1 2
github.com/DrmagicE/gmqtt/pkg/packets/connack.go:31.8,33.3 1 5
github.com/DrmagicE/gmqtt/pkg/packets/connack.go:35.27,37.3 1 4
github.com/DrmagicE/gmqtt/pkg/packets/connack.go:40.16,42.3 1 0
github.com/DrmagicE/gmqtt/pkg/packets/connack.go:48.45,51.16 3 2
github.com/DrmagicE/gmqtt/pkg/packets/connack.go:54.2,56.27 3 2
github.com/DrmagicE/gmqtt/pkg/packets/connack.go:59.2,62.16 3 2
github.com/DrmagicE/gmqtt/pkg/packets/connack.go:66.2,67.27 2 2
github.com/DrmagicE/gmqtt/pkg/packets/connack.go:74.2,74.12 1 0
github.com/DrmagicE/gmqtt/pkg/packets/connack.go:51.16,53.3 1 0
github.com/DrmagicE/gmqtt/pkg/packets/connack.go:56.27,58.3 1 0
github.com/DrmagicE/gmqtt/pkg/packets/connack.go:62.16,64.3 1 0
github.com/DrmagicE/gmqtt/pkg/packets/connack.go:67.27,68.35 1 2
github.com/DrmagicE/gmqtt/pkg/packets/connack.go:71.3,72.44 2 2
github.com/DrmagicE/gmqtt/pkg/packets/connack.go:68.35,70.4 1 0
github.com/DrmagicE/gmqtt/pkg/packets/connack.go:79.86,81.30 2 2
github.com/DrmagicE/gmqtt/pkg/packets/connack.go:84.2,85.16 2 2
github.com/DrmagicE/gmqtt/pkg/packets/connack.go:88.2,88.15 1 2
github.com/DrmagicE/gmqtt/pkg/packets/connack.go:81.30,83.3 1 0
github.com/DrmagicE/gmqtt/pkg/packets/connack.go:85.16,87.3 1 0
github.com/DrmagicE/gmqtt/pkg/packets/packets_mock.go:25.57,29.2 3 0
github.com/DrmagicE/gmqtt/pkg/packets/packets_mock.go:32.55,34.2 1 0
github.com/DrmagicE/gmqtt/pkg/packets/packets_mock.go:37.46,42.2 4 0
github.com/DrmagicE/gmqtt/pkg/packets/packets_mock.go:45.68,48.2 2 0
github.com/DrmagicE/gmqtt/pkg/packets/packets_mock.go:51.48,56.2 4 0
github.com/DrmagicE/gmqtt/pkg/packets/packets_mock.go:59.70,62.2 2 0
github.com/DrmagicE/gmqtt/pkg/packets/packets_mock.go:65.38,70.2 4 0
github.com/DrmagicE/gmqtt/pkg/packets/packets_mock.go:73.57,76.2 2 0
github.com/DrmagicE/gmqtt/pkg/packets/pingreq.go:15.35,17.2 1 0
github.com/DrmagicE/gmqtt/pkg/packets/pingreq.go:20.69,21.30 1 1
github.com/DrmagicE/gmqtt/pkg/packets/pingreq.go:24.2,26.16 3 1
github.com/DrmagicE/gmqtt/pkg/packets/pingreq.go:29.2,29.15 1 1
github.com/DrmagicE/gmqtt/pkg/packets/pingreq.go:21.30,23.3 1 0
github.com/DrmagicE/gmqtt/pkg/packets/pingreq.go:26.16,28.3 1 0
github.com/DrmagicE/gmqtt/pkg/packets/pingreq.go:33.43,36.2 2 0
github.com/DrmagicE/gmqtt/pkg/packets/pingreq.go:39.43,42.2 2 1
github.com/DrmagicE/gmqtt/pkg/packets/pingreq.go:45.45,46.35 1 1
github.com/DrmagicE/gmqtt/pkg/packets/pingreq.go:49.2,49.12 1 1
github.com/DrmagicE/gmqtt/pkg/packets/pingreq.go:46.35,48.3 1 0
github.com/DrmagicE/gmqtt/pkg/packets/pubcomp.go:20.35,22.2 1 0
github.com/DrmagicE/gmqtt/pkg/packets/pubcomp.go:25.86,28.16 3 5
github.com/DrmagicE/gmqtt/pkg/packets/pubcomp.go:31.2,31.15 1 5
github.com/DrmagicE/gmqtt/pkg/packets/pubcomp.go:28.16,30.3 1 0
github.com/DrmagicE/gmqtt/pkg/packets/pubcomp.go:35.43,39.79 4 4
github.com/DrmagicE/gmqtt/pkg/packets/pubcomp.go:43.2,45.16 3 4
github.com/DrmagicE/gmqtt/pkg/packets/pubcomp.go:48.2,49.12 2 4
github.com/DrmagicE/gmqtt/pkg/packets/pubcomp.go:39.79,42.3 2 2
github.com/DrmagicE/gmqtt/pkg/packets/pubcomp.go:45.16,47.3 1 0
github.com/DrmagicE/gmqtt/pkg/packets/pubcomp.go:53.45,56.16 3 5
github.com/DrmagicE/gmqtt/pkg/packets/pubcomp.go:59.2,61.16 3 5
github.com/DrmagicE/gmqtt/pkg/packets/pubcomp.go:64.2,64.35 1 5
github.com/DrmagicE/gmqtt/pkg/packets/pubcomp.go:68.2,68.27 1 2
github.com/DrmagicE/gmqtt/pkg/packets/pubcomp.go:78.2,78.12 1 0
github.com/DrmagicE/gmqtt/pkg/packets/pubcomp.go:56.16,58.3 1 0
github.com/DrmagicE/gmqtt/pkg/packets/pubcomp.go:61.16,63.3 1 0
github.com/DrmagicE/gmqtt/pkg/packets/pubcomp.go:64.35,67.3 2 3
github.com/DrmagicE/gmqtt/pkg/packets/pubcomp.go:68.27,70.48 2 2
github.com/DrmagicE/gmqtt/pkg/packets/pubcomp.go:73.3,73.37 1 2
github.com/DrmagicE/gmqtt/pkg/packets/pubcomp.go:76.3,76.44 1 2
github.com/DrmagicE/gmqtt/pkg/packets/pubcomp.go:70.48,72.4 1 0
github.com/DrmagicE/gmqtt/pkg/packets/pubcomp.go:73.37,75.4 1 0
github.com/DrmagicE/gmqtt/pkg/packets/pubrec.go:21.34,23.2 1 0
github.com/DrmagicE/gmqtt/pkg/packets/pubrec.go:26.84,29.16 3 5
github.com/DrmagicE/gmqtt/pkg/packets/pubrec.go:32.2,32.15 1 5
github.com/DrmagicE/gmqtt/pkg/packets/pubrec.go:29.16,31.3 1 0
github.com/DrmagicE/gmqtt/pkg/packets/pubrec.go:36.38,40.2 3 1
github.com/DrmagicE/gmqtt/pkg/packets/pubrec.go:43.42,47.79 4 4
github.com/DrmagicE/gmqtt/pkg/packets/pubrec.go:51.2,53.16 3 4
github.com/DrmagicE/gmqtt/pkg/packets/pubrec.go:56.2,57.12 2 4
github.com/DrmagicE/gmqtt/pkg/packets/pubrec.go:47.79,50.3 2 2
github.com/DrmagicE/gmqtt/pkg/packets/pubrec.go:53.16,55.3 1 0
github.com/DrmagicE/gmqtt/pkg/packets/pubrec.go:61.44,64.16 3 5
github.com/DrmagicE/gmqtt/pkg/packets/pubrec.go:67.2,69.16 3 5
github.com/DrmagicE/gmqtt/pkg/packets/pubrec.go:72.2,72.35 1 5
github.com/DrmagicE/gmqtt/pkg/packets/pubrec.go:76.2,76.27 1 2
github.com/DrmagicE/gmqtt/pkg/packets/pubrec.go:86.2,86.12 1 0
github.com/DrmagicE/gmqtt/pkg/packets/pubrec.go:64.16,66.3 1 0
github.com/DrmagicE/gmqtt/pkg/packets/pubrec.go:69.16,71.3 1 0
github.com/DrmagicE/gmqtt/pkg/packets/pubrec.go:72.35,75.3 2 3
github.com/DrmagicE/gmqtt/pkg/packets/pubrec.go:76.27,78.48 2 2
github.com/DrmagicE/gmqtt/pkg/packets/pubrec.go:81.3,81.36 1 2
github.com/DrmagicE/gmqtt/pkg/packets/pubrec.go:84.3,84.43 1 2
github.com/DrmagicE/gmqtt/pkg/packets/pubrec.go:78.48,80.4 1 0
github.com/DrmagicE/gmqtt/pkg/packets/pubrec.go:81.36,83.4 1 0
github.com/DrmagicE/gmqtt/pkg/packets/unsuback.go:20.36,22.2 1 0
github.com/DrmagicE/gmqtt/pkg/packets/unsuback.go:25.44,29.27 4 3
github.com/DrmagicE/gmqtt/pkg/packets/unsuback.go:32.2,35.16 4 3
github.com/DrmagicE/gmqtt/pkg/packets/unsuback.go:38.2,39.12 2 3
github.com/DrmagicE/gmqtt/pkg/packets/unsuback.go:29.27,31.3 1 2
github.com/DrmagicE/gmqtt/pkg/packets/unsuback.go:35.16,37.3 1 0
github.com/DrmagicE/gmqtt/pkg/packets/unsuback.go:43.46,46.16 3 3
github.com/DrmagicE/gmqtt/pkg/packets/unsuback.go:49.2,51.16 3 3
github.com/DrmagicE/gmqtt/pkg/packets/unsuback.go:54.2,54.29 1 3
github.com/DrmagicE/gmqtt/pkg/packets/unsuback.go:58.2,60.16 3 2
github.com/DrmagicE/gmqtt/pkg/packets/unsuback.go:63.2,63.6 1 2
github.com/DrmagicE/gmqtt/pkg/packets/unsuback.go:46.16,48.3 1 0
github.com/DrmagicE/gmqtt/pkg/packets/unsuback.go:51.16,53.3 1 0
github.com/DrmagicE/gmqtt/pkg/packets/unsuback.go:54.29,56.3 1 1
github.com/DrmagicE/gmqtt/pkg/packets/unsuback.go:60.16,62.3 1 0
github.com/DrmagicE/gmqtt/pkg/packets/unsuback.go:63.6,65.17 2 3
github.com/DrmagicE/gmqtt/pkg/packets/unsuback.go:68.3,68.58 1 3
github.com/DrmagicE/gmqtt/pkg/packets/unsuback.go:71.3,72.22 2 3
github.com/DrmagicE/gmqtt/pkg/packets/unsuback.go:65.17,67.4 1 0
github.com/DrmagicE/gmqtt/pkg/packets/unsuback.go:68.58,70.4 1 0
github.com/DrmagicE/gmqtt/pkg/packets/unsuback.go:72.22,74.4 1 2
github.com/DrmagicE/gmqtt/pkg/packets/unsuback.go:79.88,81.30 2 3
github.com/DrmagicE/gmqtt/pkg/packets/unsuback.go:84.2,85.16 2 3
github.com/DrmagicE/gmqtt/pkg/packets/unsuback.go:88.2,88.15 1 3
github.com/DrmagicE/gmqtt/pkg/packets/unsuback.go:81.30,83.3 1 0
github.com/DrmagicE/gmqtt/pkg/packets/unsuback.go:85.16,87.3 1 0
github.com/DrmagicE/gmqtt/pkg/packets/disconnect.go:20.38,22.2 1 0
github.com/DrmagicE/gmqtt/pkg/packets/disconnect.go:25.46,28.29 3 4
github.com/DrmagicE/gmqtt/pkg/packets/disconnect.go:32.2,33.52 2 3
github.com/DrmagicE/gmqtt/pkg/packets/disconnect.go:37.2,39.16 3 3
github.com/DrmagicE/gmqtt/pkg/packets/disconnect.go:42.2,43.12 2 3
github.com/DrmagicE/gmqtt/pkg/packets/disconnect.go:28.29,31.3 2 1
github.com/DrmagicE/gmqtt/pkg/packets/disconnect.go:33.52,36.3 2 3
github.com/DrmagicE/gmqtt/pkg/packets/disconnect.go:39.16,41.3 1 0
github.com/DrmagicE/gmqtt/pkg/packets/disconnect.go:47.48,50.16 3 4
github.com/DrmagicE/gmqtt/pkg/packets/disconnect.go:53.2,53.27 1 4
github.com/DrmagicE/gmqtt/pkg/packets/disconnect.go:69.2,69.12 1 1
github.com/DrmagicE/gmqtt/pkg/packets/disconnect.go:50.16,52.3 1 0
github.com/DrmagicE/gmqtt/pkg/packets/disconnect.go:53.27,56.36 3 3
github.com/DrmagicE/gmqtt/pkg/packets/disconnect.go:60.3,61.17 2 3
github.com/DrmagicE/gmqtt/pkg/packets/disconnect.go:64.3,64.40 1 3
github.com/DrmagicE/gmqtt/pkg/packets/disconnect.go:67.3,67.47 1 3
github.com/DrmagicE/gmqtt/pkg/packets/disconnect.go:56.36,59.4 2 0
github.com/DrmagicE/gmqtt/pkg/packets/disconnect.go:61.17,63.4 1 0
github.com/DrmagicE/gmqtt/pkg/packets/disconnect.go:64.40,66.4 1 0
github.com/DrmagicE/gmqtt/pkg/packets/disconnect.go:73.93,74.19 1 4
github.com/DrmagicE/gmqtt/pkg/packets/disconnect.go:77.2,79.16 3 4
github.com/DrmagicE/gmqtt/pkg/packets/disconnect.go:82.2,82.15 1 4
github.com/DrmagicE/gmqtt/pkg/packets/disconnect.go:74.19,76.3 1 0
github.com/DrmagicE/gmqtt/pkg/packets/disconnect.go:79.16,81.3 1 0
github.com/DrmagicE/gmqtt/pkg/packets/packets.go:142.32,144.2 1 44
github.com/DrmagicE/gmqtt/pkg/packets/packets.go:153.37,154.39 1 52
github.com/DrmagicE/gmqtt/pkg/packets/packets.go:157.2,157.73 1 52
github.com/DrmagicE/gmqtt/pkg/packets/packets.go:154.39,156.3 1 0
github.com/DrmagicE/gmqtt/pkg/packets/packets.go:160.46,162.2 1 31
github.com/DrmagicE/gmqtt/pkg/packets/packets.go:165.37,166.39 1 44
github.com/DrmagicE/gmqtt/pkg/packets/packets.go:169.2,169.52 1 44
github.com/DrmagicE/gmqtt/pkg/packets/packets.go:166.39,168.3 1 0
github.com/DrmagicE/gmqtt/pkg/packets/packets.go:174.47,176.16 2 52
github.com/DrmagicE/gmqtt/pkg/packets/packets.go:179.2,183.19 4 52
github.com/DrmagicE/gmqtt/pkg/packets/packets.go:192.2,192.29 1 52
github.com/DrmagicE/gmqtt/pkg/packets/packets.go:196.2,196.16 1 52
github.com/DrmagicE/gmqtt/pkg/packets/packets.go:199.2,201.16 3 52
github.com/DrmagicE/gmqtt/pkg/packets/packets.go:204.2,204.36 1 48
github.com/DrmagicE/gmqtt/pkg/packets/packets.go:207.2,207.20 1 48
github.com/DrmagicE/gmqtt/pkg/packets/packets.go:176.16,178.3 1 0
github.com/DrmagicE/gmqtt/pkg/packets/packets.go:183.19,185.3 1 52
github.com/DrmagicE/gmqtt/pkg/packets/packets.go:185.8,185.28 1 0
github.com/DrmagicE/gmqtt/pkg/packets/packets.go:185.28,187.3 1 0
github.com/DrmagicE/gmqtt/pkg/packets/packets.go:187.8,187.30 1 0
github.com/DrmagicE/gmqtt/pkg/packets/packets.go:187.30,189.3 1 0
github.com/DrmagicE/gmqtt/pkg/packets/packets.go:189.8,189.32 1 0
github.com/DrmagicE/gmqtt/pkg/packets/packets.go:189.32,191.3 1 0
github.com/DrmagicE/gmqtt/pkg/packets/packets.go:192.29,194.3 1 0
github.com/DrmagicE/gmqtt/pkg/packets/packets.go:196.16,198.3 1 0
github.com/DrmagicE/gmqtt/pkg/packets/packets.go:201.16,203.3 1 4
github.com/DrmagicE/gmqtt/pkg/packets/packets.go:204.36,206.3 1 0
github.com/DrmagicE/gmqtt/pkg/packets/packets.go:212.51,214.16 2 0
github.com/DrmagicE/gmqtt/pkg/packets/packets.go:217.2,217.12 1 0
github.com/DrmagicE/gmqtt/pkg/packets/packets.go:214.16,216.3 1 0
github.com/DrmagicE/gmqtt/pkg/packets/packets.go:222.43,224.16 2 0
github.com/DrmagicE/gmqtt/pkg/packets/packets.go:227.2,227.12 1 0
github.com/DrmagicE/gmqtt/pkg/packets/packets.go:224.16,226.3 1 0
github.com/DrmagicE/gmqtt/pkg/packets/packets.go:231.53,233.16 2 44
github.com/DrmagicE/gmqtt/pkg/packets/packets.go:236.2,236.18 1 44
github.com/DrmagicE/gmqtt/pkg/packets/packets.go:233.16,235.3 1 0
github.com/DrmagicE/gmqtt/pkg/packets/packets.go:240.46,246.16 6 49
github.com/DrmagicE/gmqtt/pkg/packets/packets.go:249.2,251.12 3 49
github.com/DrmagicE/gmqtt/pkg/packets/packets.go:246.16,248.3 1 0
github.com/DrmagicE/gmqtt/pkg/packets/packets.go:257.53,259.18 2 94
github.com/DrmagicE/gmqtt/pkg/packets/packets.go:270.2,271.6 2 94
github.com/DrmagicE/gmqtt/pkg/packets/packets.go:284.2,284.20 1 94
github.com/DrmagicE/gmqtt/pkg/packets/packets.go:259.18,261.3 1 88
github.com/DrmagicE/gmqtt/pkg/packets/packets.go:261.8,261.27 1 6
github.com/DrmagicE/gmqtt/pkg/packets/packets.go:261.27,263.3 1 2
github.com/DrmagicE/gmqtt/pkg/packets/packets.go:263.8,263.29 1 4
github.com/DrmagicE/gmqtt/pkg/packets/packets.go:263.29,265.3 1 2
github.com/DrmagicE/gmqtt/pkg/packets/packets.go:265.8,265.31 1 2
github.com/DrmagicE/gmqtt/pkg/packets/packets.go:265.31,267.3 1 2
github.com/DrmagicE/gmqtt/pkg/packets/packets.go:267.8,269.3 1 0
github.com/DrmagicE/gmqtt/pkg/packets/packets.go:271.6,275.17 3 106
github.com/DrmagicE/gmqtt/pkg/packets/packets.go:278.3,280.18 3 106
github.com/DrmagicE/gmqtt/pkg/packets/packets.go:275.17,277.4 1 12
github.com/DrmagicE/gmqtt/pkg/packets/packets.go:280.18,281.9 1 94
github.com/DrmagicE/gmqtt/pkg/packets/packets.go:290.55,293.6 3 91
github.com/DrmagicE/gmqtt/pkg/packets/packets.go:304.2,304.22 1 91
github.com/DrmagicE/gmqtt/pkg/packets/packets.go:293.6,295.34 2 103
github.com/DrmagicE/gmqtt/pkg/packets/packets.go:298.3,299.25 2 103
github.com/DrmagicE/gmqtt/pkg/packets/packets.go:302.3,302.18 1 12
github.com/DrmagicE/gmqtt/pkg/packets/packets.go:295.34,297.4 1 0
github.com/DrmagicE/gmqtt/pkg/packets/packets.go:299.25,300.9 1 91
github.com/DrmagicE/gmqtt/pkg/packets/packets.go:308.67,310.20 2 12
github.com/DrmagicE/gmqtt/pkg/packets/packets.go:314.2,317.30 4 12
github.com/DrmagicE/gmqtt/pkg/packets/packets.go:310.20,312.3 1 0
github.com/DrmagicE/gmqtt/pkg/packets/packets.go:320.50,321.17 1 37
github.com/DrmagicE/gmqtt/pkg/packets/packets.go:324.2,324.48 1 37
github.com/DrmagicE/gmqtt/pkg/packets/packets.go:321.17,323.3 1 0
github.com/DrmagicE/gmqtt/pkg/packets/packets.go:327.45,330.2 2 56
github.com/DrmagicE/gmqtt/pkg/packets/packets.go:331.45,336.2 4 3
github.com/DrmagicE/gmqtt/pkg/packets/packets.go:338.50,339.17 1 3
github.com/DrmagicE/gmqtt/pkg/packets/packets.go:342.2,342.48 1 3
github.com/DrmagicE/gmqtt/pkg/packets/packets.go:339.17,341.3 1 0
github.com/DrmagicE/gmqtt/pkg/packets/packets.go:345.56,347.2 1 0
github.com/DrmagicE/gmqtt/pkg/packets/packets.go:349.75,350.17 1 28
github.com/DrmagicE/gmqtt/pkg/packets/packets.go:353.2,354.22 2 26
github.com/DrmagicE/gmqtt/pkg/packets/packets.go:357.2,358.14 2 26
github.com/DrmagicE/gmqtt/pkg/packets/packets.go:363.2,363.21 1 26
github.com/DrmagicE/gmqtt/pkg/packets/packets.go:350.17,352.3 1 2
github.com/DrmagicE/gmqtt/pkg/packets/packets.go:354.22,356.3 1 0
github.com/DrmagicE/gmqtt/pkg/packets/packets.go:358.14,359.26 1 24
github.com/DrmagicE/gmqtt/pkg/packets/packets.go:359.26,361.4 1 0
github.com/DrmagicE/gmqtt/pkg/packets/packets.go:367.49,370.2 2 8
github.com/DrmagicE/gmqtt/pkg/packets/packets.go:371.45,374.2 2 16
github.com/DrmagicE/gmqtt/pkg/packets/packets.go:377.67,379.16 2 5
github.com/DrmagicE/gmqtt/pkg/packets/packets.go:382.2,383.23 2 5
github.com/DrmagicE/gmqtt/pkg/packets/packets.go:386.2,387.25 2 3
github.com/DrmagicE/gmqtt/pkg/packets/packets.go:391.2,391.33 1 2
github.com/DrmagicE/gmqtt/pkg/packets/packets.go:379.16,381.3 1 0
github.com/DrmagicE/gmqtt/pkg/packets/packets.go:383.23,385.3 1 2
github.com/DrmagicE/gmqtt/pkg/packets/packets.go:387.25,389.3 1 1
github.com/DrmagicE/gmqtt/pkg/packets/packets.go:395.77,396.23 1 52
github.com/DrmagicE/gmqtt/pkg/packets/packets.go:397.15,398.42 1 2
github.com/DrmagicE/gmqtt/pkg/packets/packets.go:399.15,400.42 1 2
github.com/DrmagicE/gmqtt/pkg/packets/packets.go:401.15,402.42 1 8
github.com/DrmagicE/gmqtt/pkg/packets/packets.go:403.14,404.41 1 5
github.com/DrmagicE/gmqtt/pkg/packets/packets.go:405.14,406.41 1 5
github.com/DrmagicE/gmqtt/pkg/packets/packets.go:407.14,408.32 1 3
github.com/DrmagicE/gmqtt/pkg/packets/packets.go:409.15,410.42 1 5
github.com/DrmagicE/gmqtt/pkg/packets/packets.go:411.17,412.44 1 3
github.com/DrmagicE/gmqtt/pkg/packets/packets.go:413.14,414.41 1 4
github.com/DrmagicE/gmqtt/pkg/packets/packets.go:415.19,416.46 1 3
github.com/DrmagicE/gmqtt/pkg/packets/packets.go:417.15,418.33 1 1
github.com/DrmagicE/gmqtt/pkg/packets/packets.go:419.18,420.46 1 4
github.com/DrmagicE/gmqtt/pkg/packets/packets.go:421.16,422.43 1 3
github.com/DrmagicE/gmqtt/pkg/packets/packets.go:423.16,424.34 1 1
github.com/DrmagicE/gmqtt/pkg/packets/packets.go:425.12,426.30 1 3
github.com/DrmagicE/gmqtt/pkg/packets/packets.go:427.10,428.32 1 0
github.com/DrmagicE/gmqtt/pkg/packets/packets.go:436.31,437.6 1 92
github.com/DrmagicE/gmqtt/pkg/packets/packets.go:437.6,438.18 1 282
github.com/DrmagicE/gmqtt/pkg/packets/packets.go:441.3,442.39 2 256
github.com/DrmagicE/gmqtt/pkg/packets/packets.go:445.3,445.39 1 223
github.com/DrmagicE/gmqtt/pkg/packets/packets.go:448.3,448.27 1 222
github.com/DrmagicE/gmqtt/pkg/packets/packets.go:451.3,451.26 1 190
github.com/DrmagicE/gmqtt/pkg/packets/packets.go:454.3,454.16 1 190
github.com/DrmagicE/gmqtt/pkg/packets/packets.go:457.3,457.15 1 190
github.com/DrmagicE/gmqtt/pkg/packets/packets.go:438.18,440.4 1 26
github.com/DrmagicE/gmqtt/pkg/packets/packets.go:442.39,444.4 1 33
github.com/DrmagicE/gmqtt/pkg/packets/packets.go:445.39,447.4 1 1
github.com/DrmagicE/gmqtt/pkg/packets/packets.go:448.27,450.4 1 32
github.com/DrmagicE/gmqtt/pkg/packets/packets.go:451.26,453.4 1 0
github.com/DrmagicE/gmqtt/pkg/packets/packets.go:454.16,456.4 1 0
github.com/DrmagicE/gmqtt/pkg/packets/packets.go:462.51,463.17 1 19
github.com/DrmagicE/gmqtt/pkg/packets/packets.go:476.2,476.13 1 11
github.com/DrmagicE/gmqtt/pkg/packets/packets.go:463.17,465.39 2 190
github.com/DrmagicE/gmqtt/pkg/packets/packets.go:468.3,468.16 1 190
github.com/DrmagicE/gmqtt/pkg/packets/packets.go:474.3,474.15 1 182
github.com/DrmagicE/gmqtt/pkg/packets/packets.go:465.39,467.4 1 0
github.com/DrmagicE/gmqtt/pkg/packets/packets.go:468.16,470.46 1 190
github.com/DrmagicE/gmqtt/pkg/packets/packets.go:470.46,472.5 1 8
github.com/DrmagicE/gmqtt/pkg/packets/packets.go:480.34,481.17 1 13
github.com/DrmagicE/gmqtt/pkg/packets/packets.go:484.2,484.43 1 13
github.com/DrmagicE/gmqtt/pkg/packets/packets.go:509.2,509.34 1 2
github.com/DrmagicE/gmqtt/pkg/packets/packets.go:481.17,483.3 1 0
github.com/DrmagicE/gmqtt/pkg/packets/packets.go:484.43,485.17 1 11
github.com/DrmagicE/gmqtt/pkg/packets/packets.go:488.3,488.18 1 11
github.com/DrmagicE/gmqtt/pkg/packets/packets.go:507.3,507.15 1 1
github.com/DrmagicE/gmqtt/pkg/packets/packets.go:485.17,487.4 1 0
github.com/DrmagicE/gmqtt/pkg/packets/packets.go:488.18,490.22 2 10
github.com/DrmagicE/gmqtt/pkg/packets/packets.go:490.22,492.29 2 25
github.com/DrmagicE/gmqtt/pkg/packets/packets.go:495.5,495.18 1 25
github.com/DrmagicE/gmqtt/pkg/packets/packets.go:503.5,503.23 1 15
github.com/DrmagicE/gmqtt/pkg/packets/packets.go:492.29,494.6 1 0
github.com/DrmagicE/gmqtt/pkg/packets/packets.go:495.18,496.24 1 25
github.com/DrmagicE/gmqtt/pkg/packets/packets.go:499.6,499.54 1 18
github.com/DrmagicE/gmqtt/pkg/packets/packets.go:496.24,498.7 1 7
github.com/DrmagicE/gmqtt/pkg/packets/packets.go:499.54,501.7 1 3
github.com/DrmagicE/gmqtt/pkg/packets/packets.go:518.53,519.17 1 26
github.com/DrmagicE/gmqtt/pkg/packets/packets.go:522.2,525.17 3 25
github.com/DrmagicE/gmqtt/pkg/packets/packets.go:550.2,550.13 1 18
github.com/DrmagicE/gmqtt/pkg/packets/packets.go:519.17,521.3 1 1
github.com/DrmagicE/gmqtt/pkg/packets/packets.go:525.17,527.39 2 152
github.com/DrmagicE/gmqtt/pkg/packets/packets.go:530.3,531.37 2 152
github.com/DrmagicE/gmqtt/pkg/packets/packets.go:534.3,534.33 1 148
github.com/DrmagicE/gmqtt/pkg/packets/packets.go:546.3,548.15 3 145
github.com/DrmagicE/gmqtt/pkg/packets/packets.go:527.39,529.4 1 0
github.com/DrmagicE/gmqtt/pkg/packets/packets.go:531.37,533.4 1 4
github.com/DrmagicE/gmqtt/pkg/packets/packets.go:534.33,536.73 1 125
github.com/DrmagicE/gmqtt/pkg/packets/packets.go:540.4,540.16 1 123
github.com/DrmagicE/gmqtt/pkg/packets/packets.go:536.73,538.5 1 2
github.com/DrmagicE/gmqtt/pkg/packets/packets.go:540.16,541.47 1 110
github.com/DrmagicE/gmqtt/pkg/packets/packets.go:541.47,543.6 1 1
github.com/DrmagicE/gmqtt/pkg/packets/packets.go:556.56,564.34 8 13
github.com/DrmagicE/gmqtt/pkg/packets/packets.go:567.2,567.94 1 13
github.com/DrmagicE/gmqtt/pkg/packets/packets.go:570.2,570.6 1 13
github.com/DrmagicE/gmqtt/pkg/packets/packets.go:621.2,621.63 1 3
github.com/DrmagicE/gmqtt/pkg/packets/packets.go:624.2,624.14 1 0
github.com/DrmagicE/gmqtt/pkg/packets/packets.go:564.34,566.3 1 0
github.com/DrmagicE/gmqtt/pkg/packets/packets.go:567.94,569.3 1 0
github.com/DrmagicE/gmqtt/pkg/packets/packets.go:570.6,572.40 1 73
github.com/DrmagicE/gmqtt/pkg/packets/packets.go:572.40,573.60 1 70
github.com/DrmagicE/gmqtt/pkg/packets/packets.go:573.60,574.27 1 50
github.com/DrmagicE/gmqtt/pkg/packets/packets.go:580.5,582.43 3 50
github.com/DrmagicE/gmqtt/pkg/packets/packets.go:574.27,576.86 1 7
github.com/DrmagicE/gmqtt/pkg/packets/packets.go:576.86,578.7 1 0
github.com/DrmagicE/gmqtt/pkg/packets/packets.go:582.43,584.6 1 2
[...]
github.com/DrmagicE/gmqtt/server/client.go:778.40,780.34 2 0
github.com/DrmagicE/gmqtt/server/client.go:788.4,789.14 2 0
github.com/DrmagicE/gmqtt/server/client.go:780.34,781.27 1 0
github.com/DrmagicE/gmqtt/server/client.go:782.29,783.50 1 0
github.com/DrmagicE/gmqtt/server/client.go:784.27,785.33 1 0
github.com/DrmagicE/gmqtt/server/client.go:793.31,798.41 5 17
github.com/DrmagicE/gmqtt/server/client.go:818.3,820.20 3 17
github.com/DrmagicE/gmqtt/server/client.go:826.3,826.38 1 17
github.com/DrmagicE/gmqtt/server/client.go:838.3,839.38 2 17
github.com/DrmagicE/gmqtt/server/client.go:798.41,799.27 1 15
github.com/DrmagicE/gmqtt/server/client.go:805.4,805.49 1 15
github.com/DrmagicE/gmqtt/server/client.go:808.4,808.41 1 15
github.com/DrmagicE/gmqtt/server/client.go:799.27,801.40 2 4
github.com/DrmagicE/gmqtt/server/client.go:801.40,803.6 1 2
github.com/DrmagicE/gmqtt/server/client.go:805.49,807.5 1 0
github.com/DrmagicE/gmqtt/server/client.go:808.41,809.39 1 15
github.com/DrmagicE/gmqtt/server/client.go:809.39,810.30 1 92
github.com/DrmagicE/gmqtt/server/client.go:810.30,812.12 2 0
github.com/DrmagicE/gmqtt/server/client.go:820.20,822.44 2 0
github.com/DrmagicE/gmqtt/server/client.go:822.44,824.5 1 0
github.com/DrmagicE/gmqtt/server/client.go:826.38,828.18 2 15
github.com/DrmagicE/gmqtt/server/client.go:828.18,836.5 2 0
github.com/DrmagicE/gmqtt/server/client.go:839.38,840.37 1 15
github.com/DrmagicE/gmqtt/server/client.go:843.4,856.99 2 15
github.com/DrmagicE/gmqtt/server/client.go:840.37,842.5 1 0
github.com/DrmagicE/gmqtt/server/client.go:856.99,858.28 2 10
github.com/DrmagicE/gmqtt/server/client.go:858.28,859.43 1 4
github.com/DrmagicE/gmqtt/server/client.go:862.6,863.32 2 4
github.com/DrmagicE/gmqtt/server/client.go:866.6,867.30 2 4
github.com/DrmagicE/gmqtt/server/client.go:870.6,877.20 2 4
github.com/DrmagicE/gmqtt/server/client.go:859.43,861.7 1 0
github.com/DrmagicE/gmqtt/server/client.go:863.32,865.7 1 2
github.com/DrmagicE/gmqtt/server/client.go:867.30,869.7 1 0
github.com/DrmagicE/gmqtt/server/client.go:877.20,879.49 2 0
github.com/DrmagicE/gmqtt/server/client.go:882.7,884.8 1 0
github.com/DrmagicE/gmqtt/server/client.go:879.49,881.8 1 0
github.com/DrmagicE/gmqtt/server/client.go:888.9,895.4 1 2
github.com/DrmagicE/gmqtt/server/client.go:901.73,906.48 3 10
github.com/DrmagicE/gmqtt/server/client.go:911.2,914.76 3 9
github.com/DrmagicE/gmqtt/server/client.go:935.2,935.29 1 7
github.com/DrmagicE/gmqtt/server/client.go:945.2,945.16 1 7
github.com/DrmagicE/gmqtt/server/client.go:953.2,955.10 3 7
github.com/DrmagicE/gmqtt/server/client.go:974.2,978.40 4 7
github.com/DrmagicE/gmqtt/server/client.go:988.2,988.29 1 7
github.com/DrmagicE/gmqtt/server/client.go:991.2,991.29 1 7
github.com/DrmagicE/gmqtt/server/client.go:1000.2,1000.16 1 7
github.com/DrmagicE/gmqtt/server/client.go:1003.2,1003.12 1 7
github.com/DrmagicE/gmqtt/server/client.go:906.48,910.3 1 1
github.com/DrmagicE/gmqtt/server/client.go:914.76,915.68 1 4
github.com/DrmagicE/gmqtt/server/client.go:920.3,922.30 3 2
github.com/DrmagicE/gmqtt/server/client.go:915.68,919.4 1 2
github.com/DrmagicE/gmqtt/server/client.go:922.30,923.22 1 1
github.com/DrmagicE/gmqtt/server/client.go:928.4,928.28 1 1
github.com/DrmagicE/gmqtt/server/client.go:923.22,927.5 1 0
github.com/DrmagicE/gmqtt/server/client.go:929.9,931.4 1 1
github.com/DrmagicE/gmqtt/server/client.go:935.29,937.17 2 1
github.com/DrmagicE/gmqtt/server/client.go:940.3,940.12 1 1
github.com/DrmagicE/gmqtt/server/client.go:937.17,939.4 1 0
github.com/DrmagicE/gmqtt/server/client.go:940.12,942.4 1 0
github.com/DrmagicE/gmqtt/server/client.go:945.16,946.28 1 2
github.com/DrmagicE/gmqtt/server/client.go:946.28,948.4 1 1
github.com/DrmagicE/gmqtt/server/client.go:948.9,950.4 1 1
github.com/DrmagicE/gmqtt/server/client.go:955.10,957.36 2 7
github.com/DrmagicE/gmqtt/server/client.go:967.3,967.31 1 7
github.com/DrmagicE/gmqtt/server/client.go:957.36,966.4 4 0
github.com/DrmagicE/gmqtt/server/client.go:967.31,971.4 3 7
github.com/DrmagicE/gmqtt/server/client.go:978.40,979.34 1 7
github.com/DrmagicE/gmqtt/server/client.go:982.3,982.50 1 7
github.com/DrmagicE/gmqtt/server/client.go:979.34,981.4 1 0
github.com/DrmagicE/gmqtt/server/client.go:982.50,985.4 2 0
github.com/DrmagicE/gmqtt/server/client.go:988.29,990.3 1 1
github.com/DrmagicE/gmqtt/server/client.go:991.29,993.37 2 1
github.com/DrmagicE/gmqtt/server/client.go:993.37,995.18 2 0
github.com/DrmagicE/gmqtt/server/client.go:995.18,997.5 1 0
github.com/DrmagicE/gmqtt/server/client.go:1000.16,1002.3 1 2
github.com/DrmagicE/gmqtt/server/client.go:1007.42,1008.16 1 28
github.com/DrmagicE/gmqtt/server/client.go:1011.2,1011.37 1 0
github.com/DrmagicE/gmqtt/server/client.go:1014.2,1019.3 1 0
github.com/DrmagicE/gmqtt/server/client.go:1008.16,1010.3 1 28
github.com/DrmagicE/gmqtt/server/client.go:1011.37,1013.3 1 0
github.com/DrmagicE/gmqtt/server/client.go:1022.74,1028.16 5 0
github.com/DrmagicE/gmqtt/server/client.go:1031.2,1032.73 2 0
github.com/DrmagicE/gmqtt/server/client.go:1037.2,1037.12 1 0
github.com/DrmagicE/gmqtt/server/client.go:1028.16,1030.3 1 0
github.com/DrmagicE/gmqtt/server/client.go:1032.73,1036.3 1 0
github.com/DrmagicE/gmqtt/server/client.go:1039.74,1041.16 2 1
github.com/DrmagicE/gmqtt/server/client.go:1044.2,1046.12 3 1
github.com/DrmagicE/gmqtt/server/client.go:1041.16,1043.3 1 0
github.com/DrmagicE/gmqtt/server/client.go:1048.61,1050.81 2 2
github.com/DrmagicE/gmqtt/server/client.go:1060.2,1066.16 3 1
github.com/DrmagicE/gmqtt/server/client.go:1069.2,1069.22 1 1
github.com/DrmagicE/gmqtt/server/client.go:1050.81,1055.17 5 1
github.com/DrmagicE/gmqtt/server/client.go:1058.3,1058.9 1 1
github.com/DrmagicE/gmqtt/server/client.go:1055.17,1057.4 1 0
github.com/DrmagicE/gmqtt/server/client.go:1066.16,1068.3 1 0
github.com/DrmagicE/gmqtt/server/client.go:1071.64,1077.16 6 1
github.com/DrmagicE/gmqtt/server/client.go:1077.16,1079.3 1 0
github.com/DrmagicE/gmqtt/server/client.go:1082.64,1085.2 2 1
github.com/DrmagicE/gmqtt/server/client.go:1086.70,1094.15 4 1
github.com/DrmagicE/gmqtt/server/client.go:1100.2,1108.33 2 1
github.com/DrmagicE/gmqtt/server/client.go:1114.2,1114.36 1 1
github.com/DrmagicE/gmqtt/server/client.go:1124.2,1124.33 1 1
github.com/DrmagicE/gmqtt/server/client.go:1094.15,1095.41 1 1
github.com/DrmagicE/gmqtt/server/client.go:1098.3,1098.25 1 1
github.com/DrmagicE/gmqtt/server/client.go:1095.41,1097.4 1 1
github.com/DrmagicE/gmqtt/server/client.go:1108.33,1113.3 1 2
github.com/DrmagicE/gmqtt/server/client.go:1114.36,1116.40 2 0
github.com/DrmagicE/gmqtt/server/client.go:1116.40,1118.22 2 0
github.com/DrmagicE/gmqtt/server/client.go:1121.4,1121.10 1 0
github.com/DrmagicE/gmqtt/server/client.go:1118.22,1120.5 1 0
github.com/DrmagicE/gmqtt/server/client.go:1124.33,1128.16 4 2
github.com/DrmagicE/gmqtt/server/client.go:1131.3,1131.28 1 2
github.com/DrmagicE/gmqtt/server/client.go:1137.3,1137.28 1 2
github.com/DrmagicE/gmqtt/server/client.go:1153.3,1153.15 1 2
github.com/DrmagicE/gmqtt/server/client.go:1128.16,1130.4 1 0
github.com/DrmagicE/gmqtt/server/client.go:1131.28,1133.41 2 2
github.com/DrmagicE/gmqtt/server/client.go:1133.41,1135.5 1 0
github.com/DrmagicE/gmqtt/server/client.go:1137.28,1138.39 1 2
github.com/DrmagicE/gmqtt/server/client.go:1141.4,1145.5 1 2
github.com/DrmagicE/gmqtt/server/client.go:1138.39,1140.5 1 0
github.com/DrmagicE/gmqtt/server/client.go:1146.9,1152.4 1 0
github.com/DrmagicE/gmqtt/server/client.go:1158.70,1164.31 5 0
github.com/DrmagicE/gmqtt/server/client.go:1173.2,1173.19 1 0
github.com/DrmagicE/gmqtt/server/client.go:1176.2,1183.12 2 0
github.com/DrmagicE/gmqtt/server/client.go:1164.31,1167.16 3 0
github.com/DrmagicE/gmqtt/server/client.go:1167.16,1169.4 1 0
github.com/DrmagicE/gmqtt/server/client.go:1170.8,1172.3 1 0
github.com/DrmagicE/gmqtt/server/client.go:1173.19,1175.3 1 0
github.com/DrmagicE/gmqtt/server/client.go:1186.79,1187.40 1 0
github.com/DrmagicE/gmqtt/server/client.go:1212.2,1215.12 3 0
github.com/DrmagicE/gmqtt/server/client.go:1187.40,1190.17 3 0
github.com/DrmagicE/gmqtt/server/client.go:1198.3,1198.49 1 0
github.com/DrmagicE/gmqtt/server/client.go:1203.3,1203.21 1 0
github.com/DrmagicE/gmqtt/server/client.go:1190.17,1197.4 1 0
github.com/DrmagicE/gmqtt/server/client.go:1198.49,1202.4 1 0
github.com/DrmagicE/gmqtt/server/client.go:1203.21,1205.18 2 0
github.com/DrmagicE/gmqtt/server/client.go:1205.18,1209.5 1 0
github.com/DrmagicE/gmqtt/server/client.go:1219.36,1221.15 2 0
github.com/DrmagicE/gmqtt/server/client.go:1228.2,1228.32 1 0
github.com/DrmagicE/gmqtt/server/client.go:1221.15,1222.33 1 0
github.com/DrmagicE/gmqtt/server/client.go:1225.3,1226.22 2 0
github.com/DrmagicE/gmqtt/server/client.go:1222.33,1224.4 1 0
github.com/DrmagicE/gmqtt/server/client.go:1228.32,1229.41 1 0
github.com/DrmagicE/gmqtt/server/client.go:1235.3,1236.24 2 0
github.com/DrmagicE/gmqtt/server/client.go:1271.3,1271.21 1 0
github.com/DrmagicE/gmqtt/server/client.go:1229.41,1230.108 1 0
github.com/DrmagicE/gmqtt/server/client.go:1230.108,1233.5 2 0
github.com/DrmagicE/gmqtt/server/client.go:1237.27,1238.66 1 0
github.com/DrmagicE/gmqtt/server/client.go:1239.25,1240.62 1 0
github.com/DrmagicE/gmqtt/server/client.go:1241.24,1242.60 1 0
github.com/DrmagicE/gmqtt/server/client.go:1243.24,1244.60 1 0
github.com/DrmagicE/gmqtt/server/client.go:1245.24,1246.50 1 0
github.com/DrmagicE/gmqtt/server/client.go:1247.25,1248.52 1 0
github.com/DrmagicE/gmqtt/server/client.go:1249.25,1250.52 1 0
github.com/DrmagicE/gmqtt/server/client.go:1251.29,1252.60 1 0
github.com/DrmagicE/gmqtt/server/client.go:1253.28,1255.10 2 0
github.com/DrmagicE/gmqtt/server/client.go:1256.22,1258.42 2 0
github.com/DrmagicE/gmqtt/server/client.go:1262.4,1262.70 1 0
github.com/DrmagicE/gmqtt/server/client.go:1266.4,1266.40 1 0
github.com/DrmagicE/gmqtt/server/client.go:1268.11,1269.27 1 0
github.com/DrmagicE/gmqtt/server/client.go:1258.42,1261.5 2 0
github.com/DrmagicE/gmqtt/server/client.go:1262.70,1265.5 2 0
github.com/DrmagicE/gmqtt/server/client.go:1271.21,1274.4 2 0
github.com/DrmagicE/gmqtt/server/client.go:1279.56,1288.2 1 3
github.com/DrmagicE/gmqtt/server/client.go:1290.62,1293.35 3 0
github.com/DrmagicE/gmqtt/server/client.go:1296.2,1298.26 3 0
github.com/DrmagicE/gmqtt/server/client.go:1313.2,1313.18 1 0
github.com/DrmagicE/gmqtt/server/client.go:1293.35,1295.3 1 0
github.com/DrmagicE/gmqtt/server/client.go:1298.26,1300.38 2 0
github.com/DrmagicE/gmqtt/server/client.go:1301.23,1307.67 4 0
github.com/DrmagicE/gmqtt/server/client.go:1308.22,1309.47 1 0
github.com/DrmagicE/gmqtt/server/client.go:1316.102,1321.16 5 0
github.com/DrmagicE/gmqtt/server/client.go:1324.2,1324.26 1 0
github.com/DrmagicE/gmqtt/server/client.go:1342.2,1342.17 1 0
github.com/DrmagicE/gmqtt/server/client.go:1321.16,1323.3 1 0
github.com/DrmagicE/gmqtt/server/client.go:1324.26,1325.38 1 0
github.com/DrmagicE/gmqtt/server/client.go:1326.23,1327.29 1 0
github.com/DrmagicE/gmqtt/server/client.go:1334.4,1334.74 1 0
github.com/DrmagicE/gmqtt/server/client.go:1338.4,1338.67 1 0
github.com/DrmagicE/gmqtt/server/client.go:1339.22,1339.22 0 0
github.com/DrmagicE/gmqtt/server/client.go:1327.29,1330.5 2 0
github.com/DrmagicE/gmqtt/server/client.go:1330.10,1332.5 1 0
github.com/DrmagicE/gmqtt/server/client.go:1334.74,1337.5 2 0
github.com/DrmagicE/gmqtt/server/client.go:1344.44,1346.15 2 0
github.com/DrmagicE/gmqtt/server/client.go:1353.2,1354.11 2 0
github.com/DrmagicE/gmqtt/server/client.go:1360.2,1361.6 2 0
github.com/DrmagicE/gmqtt/server/client.go:1346.15,1347.33 1 0
github.com/DrmagicE/gmqtt/server/client.go:1350.3,1350.23 1 0
github.com/DrmagicE/gmqtt/server/client.go:1347.33,1349.4 1 0
github.com/DrmagicE/gmqtt/server/client.go:1354.11,1356.17 2 0
github.com/DrmagicE/gmqtt/server/client.go:1356.17,1358.4 1 0
github.com/DrmagicE/gmqtt/server/client.go:1361.6,1363.36 2 0
github.com/DrmagicE/gmqtt/server/client.go:1366.3,1367.17 2 0
github.com/DrmagicE/gmqtt/server/client.go:1370.3,1371.17 2 0
github.com/DrmagicE/gmqtt/server/client.go:1374.3,1374.30 1 0
github.com/DrmagicE/gmqtt/server/client.go:1363.36,1365.4 1 0
github.com/DrmagicE/gmqtt/server/client.go:1367.17,1369.4 1 0
github.com/DrmagicE/gmqtt/server/client.go:1371.17,1373.4 1 0
github.com/DrmagicE/gmqtt/server/client.go:1379.31,1384.12 4 0
github.com/DrmagicE/gmqtt/server/client.go:1389.2,1390.12 2 0
github.com/DrmagicE/gmqtt/server/client.go:1395.2,1395.43 1 0
github.com/DrmagicE/gmqtt/server/client.go:1407.2,1409.30 2 0
github.com/DrmagicE/gmqtt/server/client.go:1415.2,1415.22 1 0
github.com/DrmagicE/gmqtt/server/client.go:1418.2,1419.24 2 0
github.com/DrmagicE/gmqtt/server/client.go:1384.12,1387.3 2 0
github.com/DrmagicE/gmqtt/server/client.go:1390.12,1393.3 2 0
github.com/DrmagicE/gmqtt/server/client.go:1395.43,1397.13 2 0
github.com/DrmagicE/gmqtt/server/client.go:1401.3,1401.13 1 0
github.com/DrmagicE/gmqtt/server/client.go:1397.13,1400.4 2 0
github.com/DrmagicE/gmqtt/server/client.go:1401.13,1404.4 2 0
github.com/DrmagicE/gmqtt/server/client.go:1409.30,1411.18 2 0
github.com/DrmagicE/gmqtt/server/client.go:1411.18,1413.4 1 0
github.com/DrmagicE/gmqtt/server/client.go:1415.22,1417.3 1 0
github.com/DrmagicE/gmqtt/server/hook.go:46.33,48.2 1 0
github.com/DrmagicE/gmqtt/server/hook.go:95.90,96.51 1 0
github.com/DrmagicE/gmqtt/server/hook.go:99.2,99.10 1 0
github.com/DrmagicE/gmqtt/server/hook.go:96.51,98.3 1 0
github.com/DrmagicE/gmqtt/server/hook.go:103.64,104.51 1 0
github.com/DrmagicE/gmqtt/server/hook.go:104.51,106.3 1 0
github.com/DrmagicE/gmqtt/server/hook.go:110.63,113.2 2 0
github.com/DrmagicE/gmqtt/server/hook.go:151.66,152.44 1 0
github.com/DrmagicE/gmqtt/server/hook.go:152.44,154.3 1 0
github.com/DrmagicE/gmqtt/server/hook.go:192.36,194.2 1 0
github.com/DrmagicE/gmqtt/server/plugin_mock.go:24.57,28.2 3 0
github.com/DrmagicE/gmqtt/server/plugin_mock.go:31.55,33.2 1 0
github.com/DrmagicE/gmqtt/server/plugin_mock.go:36.49,41.2 4 0
github.com/DrmagicE/gmqtt/server/plugin_mock.go:44.74,47.2 2 0
github.com/DrmagicE/gmqtt/server/plugin_mock.go:50.37,55.2 4 0
github.com/DrmagicE/gmqtt/server/plugin_mock.go:58.57,61.2 2 0
github.com/DrmagicE/gmqtt/server/plugin_mock.go:64.48,69.2 4 0
github.com/DrmagicE/gmqtt/server/plugin_mock.go:72.62,75.2 2 0
github.com/DrmagicE/gmqtt/server/plugin_mock.go:78.36,83.2 4 0
github.com/DrmagicE/gmqtt/server/plugin_mock.go:86.55,89.2 2 0
github.com/DrmagicE/gmqtt/server/client_mock.go:28.57,32.2 3 0
github.com/DrmagicE/gmqtt/server/client_mock.go:35.55,37.2 1 0
github.com/DrmagicE/gmqtt/server/client_mock.go:40.53,45.2 4 0
github.com/DrmagicE/gmqtt/server/client_mock.go:48.64,51.2 2 0
github.com/DrmagicE/gmqtt/server/client_mock.go:54.51,59.2 4 0
github.com/DrmagicE/gmqtt/server/client_mock.go:62.62,65.2 2 0
github.com/DrmagicE/gmqtt/server/client_mock.go:68.48,73.2 4 0
github.com/DrmagicE/gmqtt/server/client_mock.go:76.58,79.2 2 0
github.com/DrmagicE/gmqtt/server/client_mock.go:82.46,87.2 4 0
github.com/DrmagicE/gmqtt/server/client_mock.go:90.62,93.2 2 0
github.com/DrmagicE/gmqtt/server/client_mock.go:96.44,101.2 4 0
github.com/DrmagicE/gmqtt/server/client_mock.go:104.61,107.2 2 0
github.com/DrmagicE/gmqtt/server/client_mock.go:110.30,113.2 2 0
github.com/DrmagicE/gmqtt/server/client_mock.go:116.56,119.2 2 0
github.com/DrmagicE/gmqtt/server/client_mock.go:122.65,125.2 2 0
github.com/DrmagicE/gmqtt/server/client_mock.go:128.83,131.2 2 0
github.com/DrmagicE/gmqtt/server/limiter.go:9.56,18.2 1 2
github.com/DrmagicE/gmqtt/server/limiter.go:31.35,36.2 4 1
github.com/DrmagicE/gmqtt/server/limiter.go:42.77,45.35 3 7
github.com/DrmagicE/gmqtt/server/limiter.go:48.2,48.12 1 7
github.com/DrmagicE/gmqtt/server/limiter.go:51.2,52.46 2 5
github.com/DrmagicE/gmqtt/server/limiter.go:55.2,55.33 1 5
github.com/DrmagicE/gmqtt/server/limiter.go:72.2,72.11 1 5
github.com/DrmagicE/gmqtt/server/limiter.go:45.35,47.3 1 1
github.com/DrmagicE/gmqtt/server/limiter.go:48.12,50.3 1 2
github.com/DrmagicE/gmqtt/server/limiter.go:52.46,54.3 1 3
github.com/DrmagicE/gmqtt/server/limiter.go:55.33,56.30 1 65552
github.com/DrmagicE/gmqtt/server/limiter.go:63.3,66.39 4 65552
github.com/DrmagicE/gmqtt/server/limiter.go:56.30,57.40 1 65531
github.com/DrmagicE/gmqtt/server/limiter.go:57.40,59.5 1 0
github.com/DrmagicE/gmqtt/server/limiter.go:59.10,61.5 1 65531
github.com/DrmagicE/gmqtt/server/limiter.go:66.39,68.4 1 2
github.com/DrmagicE/gmqtt/server/limiter.go:68.9,70.4 1 65550
github.com/DrmagicE/gmqtt/server/limiter.go:76.56,82.2 4 2
github.com/DrmagicE/gmqtt/server/limiter.go:83.62,84.21 1 9
github.com/DrmagicE/gmqtt/server/limiter.go:84.21,87.3 2 7
github.com/DrmagicE/gmqtt/server/limiter.go:90.63,92.23 2 2
github.com/DrmagicE/gmqtt/server/limiter.go:95.2,96.17 2 2
github.com/DrmagicE/gmqtt/server/limiter.go:92.23,94.3 1 7
github.com/DrmagicE/gmqtt/server/limiter.go:101.63,104.2 2 0
github.com/DrmagicE/gmqtt/server/limiter.go:106.34,108.2 1 0
github.com/DrmagicE/gmqtt/server/limiter.go:109.36,111.2 1 0
github.com/DrmagicE/gmqtt/server/limiter.go:112.45,115.2 2 0
github.com/DrmagicE/gmqtt/server/server_mock.go:26.57,30.2 3 0
github.com/DrmagicE/gmqtt/server/server_mock.go:33.55,35.2 1 0
github.com/DrmagicE/gmqtt/server/server_mock.go:38.44,43.2 4 0
github.com/DrmagicE/gmqtt/server/server_mock.go:46.60,49.2 2 0
github.com/DrmagicE/gmqtt/server/server_mock.go:52.48,57.2 4 0
github.com/DrmagicE/gmqtt/server/server_mock.go:60.60,63.2 2 0
github.com/DrmagicE/gmqtt/server/server_mock.go:66.49,71.2 4 0
github.com/DrmagicE/gmqtt/server/server_mock.go:74.63,77.2 2 0
github.com/DrmagicE/gmqtt/server/server_mock.go:80.54,85.2 4 0
github.com/DrmagicE/gmqtt/server/server_mock.go:88.70,91.2 2 0
github.com/DrmagicE/gmqtt/server/server_mock.go:94.56,97.2 2 0
github.com/DrmagicE/gmqtt/server/server_mock.go:100.80,103.2 2 0
github.com/DrmagicE/gmqtt/server/server_mock.go:106.52,111.2 4 0
github.com/DrmagicE/gmqtt/server/server_mock.go:114.64,117.2 2 0
github.com/DrmagicE/gmqtt/server/server_mock.go:120.64,125.2 4 0
github.com/DrmagicE/gmqtt/server/server_mock.go:128.70,131.2 2 0
github.com/DrmagicE/gmqtt/server/server_mock.go:134.56,139.2 4 0
github.com/DrmagicE/gmqtt/server/server_mock.go:142.66,145.2 2 0
github.com/DrmagicE/gmqtt/server/server_mock.go:148.41,153.2 4 0
github.com/DrmagicE/gmqtt/server/server_mock.go:156.58,159.2 2 0
github.com/DrmagicE/gmqtt/server/server_mock.go:162.50,167.2 4 0
github.com/DrmagicE/gmqtt/server/server_mock.go:170.63,173.2 2 0
github.com/DrmagicE/gmqtt/persistence/redis.go:18.13,20.2 1 1
github.com/DrmagicE/gmqtt/persistence/redis.go:22.85,27.2 1 4
github.com/DrmagicE/gmqtt/persistence/redis.go:35.91,40.2 1 1
github.com/DrmagicE/gmqtt/persistence/redis.go:42.78,44.2 1 1
github.com/DrmagicE/gmqtt/persistence/redis.go:46.49,49.37 1 4
github.com/DrmagicE/gmqtt/persistence/redis.go:49.37,51.18 2 4
github.com/DrmagicE/gmqtt/persistence/redis.go:54.4,54.61 1 4
github.com/DrmagicE/gmqtt/persistence/redis.go:60.4,60.79 1 4
github.com/DrmagicE/gmqtt/persistence/redis.go:64.4,64.17 1 4
github.com/DrmagicE/gmqtt/persistence/redis.go:51.18,53.5 1 0
github.com/DrmagicE/gmqtt/persistence/redis.go:54.61,55.49 1 0
github.com/DrmagicE/gmqtt/persistence/redis.go:55.49,58.6 2 0
github.com/DrmagicE/gmqtt/persistence/redis.go:60.79,63.5 2 0
github.com/DrmagicE/gmqtt/persistence/redis.go:68.30,79.2 8 4
github.com/DrmagicE/gmqtt/persistence/redis.go:81.91,88.2 1 1
github.com/DrmagicE/gmqtt/persistence/redis.go:90.88,92.2 1 3
github.com/DrmagicE/gmqtt/persistence/redis.go:94.31,96.2 1 0
github.com/DrmagicE/gmqtt/persistence/memory.go:16.13,18.2 1 1
github.com/DrmagicE/gmqtt/persistence/memory.go:20.86,24.2 1 1
github.com/DrmagicE/gmqtt/persistence/memory.go:30.92,34.2 1 1
github.com/DrmagicE/gmqtt/persistence/memory.go:36.79,38.2 1 1
github.com/DrmagicE/gmqtt/persistence/memory.go:40.31,42.2 1 0
github.com/DrmagicE/gmqtt/persistence/memory.go:43.92,49.2 1 1
github.com/DrmagicE/gmqtt/persistence/memory.go:51.89,53.2 1 3
github.com/DrmagicE/gmqtt/persistence/memory.go:55.32,57.2 1 0
